Optimized EHL Solver Init
Step 1/329 | Load err=5.5158e-08 | Res=5.7115e-08 | Iters=11 | Step time=0.360s | Total time=0.4s
Step 2/329 | Load err=2.0810e-08 | Res=4.7131e-08 | Iters=8 | Step time=0.263s | Total time=0.6s
Step 3/329 | Load err=7.8468e-07 | Res=8.0457e-07 | Iters=12 | Step time=0.400s | Total time=1.0s
Step 4/329 | Load err=1.8108e-06 | Res=1.8133e-06 | Iters=12 | Step time=0.401s | Total time=1.4s
Step 5/329 | Load err=3.7836e-07 | Res=3.7874e-07 | Iters=12 | Step time=0.403s | Total time=1.8s
Step 6/329 | Load err=2.2630e-07 | Res=2.3256e-07 | Iters=12 | Step time=0.400s | Total time=2.2s
Step 7/329 | Load err=4.5300e-08 | Res=5.2658e-08 | Iters=4 | Step time=0.133s | Total time=2.4s
Step 8/329 | Load err=2.5026e-07 | Res=2.5047e-07 | Iters=12 | Step time=0.404s | Total time=2.8s
Step 9/329 | Load err=2.7228e-09 | Res=4.8751e-08 | Iters=3 | Step time=0.099s | Total time=2.9s
Step 10/329 | Load err=8.3117e-08 | Res=9.6740e-08 | Iters=3 | Step time=0.100s | Total time=3.0s
Step 11/329 | Load err=3.9728e-09 | Res=4.2818e-09 | Iters=1 | Step time=0.033s | Total time=3.0s
Step 12/329 | Load err=2.3744e-07 | Res=2.3784e-07 | Iters=12 | Step time=0.404s | Total time=3.4s
Step 13/329 | Load err=2.8699e-08 | Res=3.3181e-08 | Iters=3 | Step time=0.101s | Total time=3.5s
Step 14/329 | Load err=5.2678e-08 | Res=7.5350e-08 | Iters=4 | Step time=0.131s | Total time=3.6s
Step 15/329 | Load err=4.9131e-08 | Res=6.1166e-08 | Iters=2 | Step time=0.066s | Total time=3.7s
Step 16/329 | Load err=8.5289e-08 | Res=9.5929e-08 | Iters=3 | Step time=0.101s | Total time=3.8s
Step 17/329 | Load err=9.4698e-08 | Res=9.9904e-08 | Iters=4 | Step time=0.132s | Total time=3.9s
Step 18/329 | Load err=6.8494e-08 | Res=7.5337e-08 | Iters=6 | Step time=0.199s | Total time=4.1s
Step 19/329 | Load err=6.0004e-08 | Res=6.3243e-08 | Iters=12 | Step time=0.398s | Total time=4.5s
Step 20/329 | Load err=6.9536e-08 | Res=7.3366e-08 | Iters=3 | Step time=0.098s | Total time=4.6s
Step 21/329 | Load err=7.0875e-08 | Res=7.4576e-08 | Iters=5 | Step time=0.164s | Total time=4.8s
Step 22/329 | Load err=1.8854e-08 | Res=3.4340e-08 | Iters=4 | Step time=0.131s | Total time=4.9s
Step 23/329 | Load err=8.8082e-08 | Res=8.8082e-08 | Iters=2 | Step time=0.067s | Total time=5.0s
Step 24/329 | Load err=2.5178e-10 | Res=7.7950e-09 | Iters=4 | Step time=0.131s | Total time=5.1s
Step 25/329 | Load err=2.2583e-08 | Res=3.2421e-08 | Iters=3 | Step time=0.098s | Total time=5.2s
Step 26/329 | Load err=8.5849e-08 | Res=9.3464e-08 | Iters=6 | Step time=0.195s | Total time=5.4s
Step 27/329 | Load err=3.0860e-07 | Res=3.0897e-07 | Iters=12 | Step time=0.398s | Total time=5.8s
Step 28/329 | Load err=2.7178e-07 | Res=2.7209e-07 | Iters=12 | Step time=0.400s | Total time=6.2s
Step 29/329 | Load err=3.8884e-08 | Res=3.8932e-08 | Iters=11 | Step time=0.366s | Total time=6.6s
Step 30/329 | Load err=3.5488e-07 | Res=3.5614e-07 | Iters=12 | Step time=0.400s | Total time=7.0s
Step 31/329 | Load err=3.8999e-08 | Res=6.7387e-08 | Iters=7 | Step time=0.231s | Total time=7.2s
Step 32/329 | Load err=2.6775e-08 | Res=4.8479e-08 | Iters=7 | Step time=0.230s | Total time=7.4s
Step 33/329 | Load err=3.3439e-08 | Res=4.1564e-08 | Iters=12 | Step time=0.400s | Total time=7.8s
Step 34/329 | Load err=5.6116e-07 | Res=5.6252e-07 | Iters=12 | Step time=0.398s | Total time=8.2s
Step 35/329 | Load err=4.3904e-08 | Res=5.4756e-08 | Iters=6 | Step time=0.198s | Total time=8.4s
Step 36/329 | Load err=1.6515e-08 | Res=3.4399e-08 | Iters=7 | Step time=0.231s | Total time=8.7s
Step 37/329 | Load err=3.1128e-08 | Res=4.7453e-08 | Iters=4 | Step time=0.131s | Total time=8.8s
Step 38/329 | Load err=7.0752e-08 | Res=9.0065e-08 | Iters=2 | Step time=0.066s | Total time=8.9s
Step 39/329 | Load err=5.0622e-08 | Res=6.2603e-08 | Iters=4 | Step time=0.133s | Total time=9.0s
Step 40/329 | Load err=7.9297e-08 | Res=9.6397e-08 | Iters=8 | Step time=0.263s | Total time=9.3s
Step 41/329 | Load err=1.1312e-08 | Res=6.8284e-08 | Iters=5 | Step time=0.165s | Total time=9.4s
Step 42/329 | Load err=5.1654e-08 | Res=7.0419e-08 | Iters=7 | Step time=0.231s | Total time=9.7s
Step 43/329 | Load err=5.3814e-08 | Res=7.2264e-08 | Iters=5 | Step time=0.164s | Total time=9.8s
Step 44/329 | Load err=6.4696e-08 | Res=7.7903e-08 | Iters=4 | Step time=0.131s | Total time=9.9s
Step 45/329 | Load err=7.0343e-08 | Res=7.9500e-08 | Iters=4 | Step time=0.133s | Total time=10.1s
Step 46/329 | Load err=6.6954e-07 | Res=6.7013e-07 | Iters=12 | Step time=0.401s | Total time=10.5s
Step 47/329 | Load err=1.7084e-08 | Res=3.7795e-08 | Iters=6 | Step time=0.199s | Total time=10.7s
Step 48/329 | Load err=1.0470e-06 | Res=1.0637e-06 | Iters=12 | Step time=0.398s | Total time=11.1s
Step 49/329 | Load err=6.7237e-07 | Res=6.7380e-07 | Iters=12 | Step time=0.399s | Total time=11.5s
Step 50/329 | Load err=4.9319e-07 | Res=4.9542e-07 | Iters=12 | Step time=0.400s | Total time=11.9s
Step 51/329 | Load err=3.8236e-08 | Res=7.0407e-08 | Iters=10 | Step time=0.332s | Total time=12.2s
Step 52/329 | Load err=7.0207e-08 | Res=7.0259e-08 | Iters=11 | Step time=0.365s | Total time=12.6s
Step 53/329 | Load err=4.8678e-06 | Res=4.8707e-06 | Iters=12 | Step time=0.401s | Total time=13.0s
Step 54/329 | Load err=7.7906e-08 | Res=7.7977e-08 | Iters=10 | Step time=0.331s | Total time=13.3s
Step 55/329 | Load err=9.5996e-07 | Res=9.5996e-07 | Iters=12 | Step time=0.400s | Total time=13.7s
Step 56/329 | Load err=2.4777e-06 | Res=2.4833e-06 | Iters=12 | Step time=0.400s | Total time=14.1s
Step 57/329 | Load err=7.4093e-09 | Res=7.4319e-09 | Iters=2 | Step time=0.066s | Total time=14.2s
Step 58/329 | Load err=6.7555e-06 | Res=6.7555e-06 | Iters=12 | Step time=0.400s | Total time=14.6s
Step 59/329 | Load err=3.6278e-08 | Res=3.6278e-08 | Iters=4 | Step time=0.132s | Total time=14.7s
Step 60/329 | Load err=1.8442e-06 | Res=1.8453e-06 | Iters=12 | Step time=0.402s | Total time=15.1s
Step 61/329 | Load err=2.3726e-07 | Res=2.6563e-07 | Iters=12 | Step time=0.400s | Total time=15.5s
Step 62/329 | Load err=2.0357e-07 | Res=2.1576e-07 | Iters=12 | Step time=0.402s | Total time=15.9s
Step 63/329 | Load err=1.6176e-06 | Res=1.6246e-06 | Iters=12 | Step time=0.403s | Total time=16.3s
Step 64/329 | Load err=5.6130e-06 | Res=5.6131e-06 | Iters=12 | Step time=0.405s | Total time=16.7s
Step 65/329 | Load err=3.5119e-08 | Res=7.2021e-08 | Iters=5 | Step time=0.168s | Total time=16.9s
Step 66/329 | Load err=6.4978e-08 | Res=7.4467e-08 | Iters=9 | Step time=0.302s | Total time=17.2s
Step 67/329 | Load err=6.9334e-07 | Res=6.9872e-07 | Iters=12 | Step time=0.405s | Total time=17.6s
Step 68/329 | Load err=2.8405e-06 | Res=2.8422e-06 | Iters=12 | Step time=0.409s | Total time=18.0s
Step 69/329 | Load err=5.8165e-07 | Res=5.8242e-07 | Iters=12 | Step time=0.406s | Total time=18.4s
Step 70/329 | Load err=2.9341e-06 | Res=2.9381e-06 | Iters=12 | Step time=0.407s | Total time=18.8s
Step 71/329 | Load err=4.5559e-06 | Res=4.5567e-06 | Iters=12 | Step time=0.410s | Total time=19.2s
Step 72/329 | Load err=5.5282e-06 | Res=5.5330e-06 | Iters=12 | Step time=0.403s | Total time=19.6s
Step 73/329 | Load err=4.9136e-07 | Res=4.9191e-07 | Iters=12 | Step time=0.404s | Total time=20.0s
Step 74/329 | Load err=2.1149e-06 | Res=2.1205e-06 | Iters=12 | Step time=0.401s | Total time=20.4s
Step 75/329 | Load err=2.4942e-08 | Res=2.5077e-08 | Iters=2 | Step time=0.066s | Total time=20.5s
Step 76/329 | Load err=3.5528e-06 | Res=3.5664e-06 | Iters=12 | Step time=0.400s | Total time=20.9s
Step 77/329 | Load err=3.6122e-08 | Res=3.6140e-08 | Iters=2 | Step time=0.066s | Total time=21.0s
Step 78/329 | Load err=2.8725e-06 | Res=2.8861e-06 | Iters=12 | Step time=0.401s | Total time=21.4s
Step 79/329 | Load err=2.4290e-08 | Res=2.9743e-08 | Iters=2 | Step time=0.066s | Total time=21.4s
Step 80/329 | Load err=1.3369e-06 | Res=1.3577e-06 | Iters=12 | Step time=0.397s | Total time=21.8s
Step 81/329 | Load err=4.9510e-08 | Res=7.3679e-08 | Iters=5 | Step time=0.166s | Total time=22.0s
Step 82/329 | Load err=1.6777e-06 | Res=1.6912e-06 | Iters=12 | Step time=0.401s | Total time=22.4s
Step 83/329 | Load err=4.0603e-07 | Res=4.1736e-07 | Iters=12 | Step time=0.401s | Total time=22.8s
Step 84/329 | Load err=1.0355e-06 | Res=1.0357e-06 | Iters=12 | Step time=0.399s | Total time=23.2s
Step 85/329 | Load err=7.1731e-07 | Res=8.2367e-07 | Iters=12 | Step time=0.400s | Total time=23.6s
Step 86/329 | Load err=8.2352e-07 | Res=8.8083e-07 | Iters=12 | Step time=0.399s | Total time=24.0s
Step 87/329 | Load err=1.1201e-06 | Res=1.1201e-06 | Iters=12 | Step time=0.400s | Total time=24.4s
Step 88/329 | Load err=2.4822e-07 | Res=2.6769e-07 | Iters=12 | Step time=0.398s | Total time=24.8s
Step 89/329 | Load err=4.7162e-08 | Res=4.7164e-08 | Iters=2 | Step time=0.066s | Total time=24.9s
Step 90/329 | Load err=2.2310e-08 | Res=2.3118e-08 | Iters=12 | Step time=0.395s | Total time=25.3s
Step 91/329 | Load err=1.6241e-08 | Res=1.6861e-07 | Iters=12 | Step time=0.396s | Total time=25.7s
Step 92/329 | Load err=2.7633e-09 | Res=3.5918e-09 | Iters=9 | Step time=0.296s | Total time=25.9s
Step 93/329 | Load err=5.1947e-10 | Res=1.0275e-09 | Iters=10 | Step time=0.329s | Total time=26.3s
Step 94/329 | Load err=2.2751e-08 | Res=2.2764e-08 | Iters=6 | Step time=0.198s | Total time=26.5s
Step 95/329 | Load err=3.1293e-08 | Res=5.3443e-08 | Iters=8 | Step time=0.263s | Total time=26.7s
Step 96/329 | Load err=1.3052e-08 | Res=3.2247e-08 | Iters=6 | Step time=0.197s | Total time=26.9s
Step 97/329 | Load err=6.7336e-08 | Res=8.1359e-08 | Iters=7 | Step time=0.230s | Total time=27.2s
Step 98/329 | Load err=6.8205e-08 | Res=7.1658e-08 | Iters=5 | Step time=0.163s | Total time=27.3s
Step 99/329 | Load err=3.2547e-08 | Res=3.4081e-08 | Iters=5 | Step time=0.164s | Total time=27.5s
Step 100/329 | Load err=8.3279e-08 | Res=8.3286e-08 | Iters=3 | Step time=0.098s | Total time=27.6s
Step 101/329 | Load err=1.6941e-08 | Res=2.4664e-08 | Iters=2 | Step time=0.065s | Total time=27.7s
Step 102/329 | Load err=1.8251e-08 | Res=1.8400e-08 | Iters=2 | Step time=0.065s | Total time=27.7s
Step 103/329 | Load err=2.0763e-08 | Res=2.0763e-08 | Iters=2 | Step time=0.065s | Total time=27.8s
Step 104/329 | Load err=2.4463e-08 | Res=2.4463e-08 | Iters=2 | Step time=0.065s | Total time=27.9s
Step 105/329 | Load err=2.5246e-09 | Res=3.0369e-08 | Iters=3 | Step time=0.098s | Total time=27.9s
Step 106/329 | Load err=4.6798e-07 | Res=6.6020e-07 | Iters=12 | Step time=0.393s | Total time=28.3s
Step 107/329 | Load err=3.8175e-04 | Res=1.7609e-01 | Iters=12 | Step time=0.391s | Total time=28.7s
Step 108/329 | Load err=2.7216e-03 | Res=1.1029e+04 | Iters=12 | Step time=1.176s | Total time=29.9s
Step 109/329 | Load err=2.5440e-02 | Res=4.8686e-01 | Iters=0 | Step time=0.454s | Total time=30.4s
Step 110/329 | Load err=1.2365e-01 | Res=3.3813e-01 | Iters=0 | Step time=0.097s | Total time=30.5s
Step 111/329 | Load err=2.1004e-01 | Res=2.0728e-01 | Iters=0 | Step time=0.096s | Total time=30.6s
Step 112/329 | Load err=2.8562e-01 | Res=9.4190e-02 | Iters=0 | Step time=0.096s | Total time=30.7s
Step 113/329 | Load err=3.5130e-01 | Res=2.8097e-02 | Iters=0 | Step time=0.096s | Total time=30.7s
Step 114/329 | Load err=4.0763e-01 | Res=9.9139e-02 | Iters=0 | Step time=0.096s | Total time=30.8s
Step 115/329 | Load err=4.5532e-01 | Res=1.7062e-01 | Iters=0 | Step time=0.096s | Total time=30.9s
Step 116/329 | Load err=4.9507e-01 | Res=2.3119e-01 | Iters=0 | Step time=0.096s | Total time=31.0s
Step 117/329 | Load err=5.2763e-01 | Res=2.8113e-01 | Iters=0 | Step time=0.096s | Total time=31.1s
Step 118/329 | Load err=5.5370e-01 | Res=3.2129e-01 | Iters=0 | Step time=0.096s | Total time=31.2s
Step 119/329 | Load err=5.7395e-01 | Res=3.5256e-01 | Iters=0 | Step time=0.096s | Total time=31.3s
Step 120/329 | Load err=5.8901e-01 | Res=3.7584e-01 | Iters=0 | Step time=0.099s | Total time=31.4s
Step 121/329 | Load err=5.9949e-01 | Res=3.9201e-01 | Iters=0 | Step time=0.096s | Total time=31.5s
Step 122/329 | Load err=6.0595e-01 | Res=4.0192e-01 | Iters=0 | Step time=0.097s | Total time=31.6s
Step 123/329 | Load err=6.0892e-01 | Res=4.0642e-01 | Iters=0 | Step time=0.097s | Total time=31.7s
Step 124/329 | Load err=6.0892e-01 | Res=4.0626e-01 | Iters=0 | Step time=0.097s | Total time=31.8s
Step 125/329 | Load err=6.0640e-01 | Res=4.0219e-01 | Iters=0 | Step time=0.097s | Total time=31.9s
Step 126/329 | Load err=6.0179e-01 | Res=3.9488e-01 | Iters=0 | Step time=0.097s | Total time=32.0s
Step 127/329 | Load err=5.9548e-01 | Res=3.8495e-01 | Iters=0 | Step time=0.097s | Total time=32.1s
Step 128/329 | Load err=5.8781e-01 | Res=3.7295e-01 | Iters=0 | Step time=0.097s | Total time=32.2s
Step 129/329 | Load err=5.7910e-01 | Res=3.5937e-01 | Iters=0 | Step time=0.097s | Total time=32.3s
Step 130/329 | Load err=5.6963e-01 | Res=3.4465e-01 | Iters=0 | Step time=0.097s | Total time=32.4s
Step 131/329 | Load err=5.5963e-01 | Res=3.2917e-01 | Iters=0 | Step time=0.097s | Total time=32.5s
Step 132/329 | Load err=5.4933e-01 | Res=3.1326e-01 | Iters=0 | Step time=0.096s | Total time=32.6s
Step 133/329 | Load err=5.3890e-01 | Res=2.9722e-01 | Iters=0 | Step time=0.096s | Total time=32.7s
Step 134/329 | Load err=5.2852e-01 | Res=2.8127e-01 | Iters=0 | Step time=0.096s | Total time=32.8s
Step 135/329 | Load err=5.1830e-01 | Res=2.6564e-01 | Iters=0 | Step time=0.096s | Total time=32.9s
Step 136/329 | Load err=5.0837e-01 | Res=2.5050e-01 | Iters=0 | Step time=0.096s | Total time=33.0s
Step 137/329 | Load err=4.9884e-01 | Res=2.3598e-01 | Iters=0 | Step time=0.096s | Total time=33.1s
Step 138/329 | Load err=4.8980e-01 | Res=2.2222e-01 | Iters=0 | Step time=0.096s | Total time=33.2s
Step 139/329 | Load err=4.8131e-01 | Res=2.0930e-01 | Iters=0 | Step time=0.096s | Total time=33.3s
Step 140/329 | Load err=4.7341e-01 | Res=1.9731e-01 | Iters=0 | Step time=0.096s | Total time=33.4s
Step 141/329 | Load err=4.6614e-01 | Res=1.8630e-01 | Iters=0 | Step time=0.096s | Total time=33.4s
Step 142/329 | Load err=4.5954e-01 | Res=1.7631e-01 | Iters=0 | Step time=0.096s | Total time=33.5s
Step 143/329 | Load err=4.5363e-01 | Res=1.6738e-01 | Iters=0 | Step time=0.096s | Total time=33.6s
Step 144/329 | Load err=4.4844e-01 | Res=1.5953e-01 | Iters=0 | Step time=0.096s | Total time=33.7s
Step 145/329 | Load err=4.4398e-01 | Res=1.5276e-01 | Iters=0 | Step time=0.096s | Total time=33.8s
Step 146/329 | Load err=4.4024e-01 | Res=1.4708e-01 | Iters=0 | Step time=0.096s | Total time=33.9s
Step 147/329 | Load err=4.3721e-01 | Res=1.4249e-01 | Iters=0 | Step time=0.096s | Total time=34.0s
Step 148/329 | Load err=4.3489e-01 | Res=1.3897e-01 | Iters=0 | Step time=0.096s | Total time=34.1s
Step 149/329 | Load err=4.3326e-01 | Res=1.3651e-01 | Iters=0 | Step time=0.096s | Total time=34.2s
Step 150/329 | Load err=4.3233e-01 | Res=1.3510e-01 | Iters=0 | Step time=0.096s | Total time=34.3s
Step 151/329 | Load err=4.3207e-01 | Res=1.3470e-01 | Iters=0 | Step time=0.096s | Total time=34.4s
Step 152/329 | Load err=4.3246e-01 | Res=1.3529e-01 | Iters=0 | Step time=0.096s | Total time=34.5s
Step 153/329 | Load err=4.3349e-01 | Res=1.3684e-01 | Iters=0 | Step time=0.096s | Total time=34.6s
Step 154/329 | Load err=4.3514e-01 | Res=1.3933e-01 | Iters=0 | Step time=0.096s | Total time=34.7s
Step 155/329 | Load err=4.3737e-01 | Res=1.4270e-01 | Iters=0 | Step time=0.096s | Total time=34.8s
Step 156/329 | Load err=4.4017e-01 | Res=1.4693e-01 | Iters=0 | Step time=0.096s | Total time=34.9s
Step 157/329 | Load err=4.4350e-01 | Res=1.5196e-01 | Iters=0 | Step time=0.096s | Total time=35.0s
Step 158/329 | Load err=4.4733e-01 | Res=1.5776e-01 | Iters=0 | Step time=0.096s | Total time=35.1s
Step 159/329 | Load err=4.5162e-01 | Res=1.6427e-01 | Iters=0 | Step time=0.096s | Total time=35.2s
Step 160/329 | Load err=4.5635e-01 | Res=1.7143e-01 | Iters=0 | Step time=0.096s | Total time=35.3s
Step 161/329 | Load err=4.6146e-01 | Res=1.7919e-01 | Iters=0 | Step time=0.096s | Total time=35.4s
Step 162/329 | Load err=4.6692e-01 | Res=1.8748e-01 | Iters=0 | Step time=0.096s | Total time=35.5s
Step 163/329 | Load err=4.7268e-01 | Res=1.9623e-01 | Iters=0 | Step time=0.096s | Total time=35.6s
Step 164/329 | Load err=4.7871e-01 | Res=2.0539e-01 | Iters=0 | Step time=0.096s | Total time=35.7s
Step 165/329 | Load err=4.8496e-01 | Res=2.1487e-01 | Iters=0 | Step time=0.096s | Total time=35.8s
Step 166/329 | Load err=4.9138e-01 | Res=2.2460e-01 | Iters=0 | Step time=0.096s | Total time=35.9s
Step 167/329 | Load err=4.9790e-01 | Res=2.3452e-01 | Iters=0 | Step time=0.096s | Total time=36.0s
Step 168/329 | Load err=5.0450e-01 | Res=2.4453e-01 | Iters=0 | Step time=0.096s | Total time=36.0s
Step 169/329 | Load err=5.1110e-01 | Res=2.5457e-01 | Iters=0 | Step time=0.096s | Total time=36.1s
Step 170/329 | Load err=5.1767e-01 | Res=2.6456e-01 | Iters=0 | Step time=0.096s | Total time=36.2s
Step 171/329 | Load err=5.2414e-01 | Res=2.7444e-01 | Iters=0 | Step time=0.096s | Total time=36.3s
Step 172/329 | Load err=5.3050e-01 | Res=2.8413e-01 | Iters=0 | Step time=0.096s | Total time=36.4s
Step 173/329 | Load err=5.3669e-01 | Res=2.9356e-01 | Iters=0 | Step time=0.096s | Total time=36.5s
Step 174/329 | Load err=5.4267e-01 | Res=3.0269e-01 | Iters=0 | Step time=0.096s | Total time=36.6s
Step 175/329 | Load err=5.4842e-01 | Res=3.1146e-01 | Iters=0 | Step time=0.097s | Total time=36.7s
Step 176/329 | Load err=5.5390e-01 | Res=3.1983e-01 | Iters=0 | Step time=0.097s | Total time=36.8s
Step 177/329 | Load err=5.5909e-01 | Res=3.2775e-01 | Iters=0 | Step time=0.097s | Total time=36.9s
Step 178/329 | Load err=5.6396e-01 | Res=3.3521e-01 | Iters=0 | Step time=0.097s | Total time=37.0s
Step 179/329 | Load err=5.6851e-01 | Res=3.4218e-01 | Iters=0 | Step time=0.097s | Total time=37.1s
Step 180/329 | Load err=5.7273e-01 | Res=3.4866e-01 | Iters=0 | Step time=0.097s | Total time=37.2s
Step 181/329 | Load err=5.7663e-01 | Res=3.5466e-01 | Iters=0 | Step time=0.097s | Total time=37.3s
Step 182/329 | Load err=5.8022e-01 | Res=3.6020e-01 | Iters=0 | Step time=0.097s | Total time=37.4s
Step 183/329 | Load err=5.8352e-01 | Res=3.6528e-01 | Iters=0 | Step time=0.098s | Total time=37.5s
Step 184/329 | Load err=5.8655e-01 | Res=3.6996e-01 | Iters=0 | Step time=0.097s | Total time=37.6s
Step 185/329 | Load err=5.8934e-01 | Res=3.7428e-01 | Iters=0 | Step time=0.097s | Total time=37.7s
Step 186/329 | Load err=5.9193e-01 | Res=3.7828e-01 | Iters=0 | Step time=0.097s | Total time=37.8s
Step 187/329 | Load err=5.9435e-01 | Res=3.8204e-01 | Iters=0 | Step time=0.097s | Total time=37.9s
Step 188/329 | Load err=5.9665e-01 | Res=3.8561e-01 | Iters=0 | Step time=0.096s | Total time=38.0s
Step 189/329 | Load err=5.9886e-01 | Res=3.8906e-01 | Iters=0 | Step time=0.096s | Total time=38.1s
Step 190/329 | Load err=6.0104e-01 | Res=3.9247e-01 | Iters=0 | Step time=0.096s | Total time=38.2s
Step 191/329 | Load err=6.0323e-01 | Res=3.9589e-01 | Iters=0 | Step time=0.096s | Total time=38.3s
Step 192/329 | Load err=6.0547e-01 | Res=3.9940e-01 | Iters=0 | Step time=0.096s | Total time=38.4s
Step 193/329 | Load err=6.0780e-01 | Res=4.0305e-01 | Iters=0 | Step time=0.099s | Total time=38.5s
Step 194/329 | Load err=6.1024e-01 | Res=4.0689e-01 | Iters=0 | Step time=0.096s | Total time=38.6s
Step 195/329 | Load err=6.1282e-01 | Res=4.1094e-01 | Iters=0 | Step time=0.096s | Total time=38.7s
Step 196/329 | Load err=6.1554e-01 | Res=4.1523e-01 | Iters=0 | Step time=0.096s | Total time=38.8s
Step 197/329 | Load err=6.1840e-01 | Res=4.1974e-01 | Iters=0 | Step time=0.096s | Total time=38.8s
Step 198/329 | Load err=6.2138e-01 | Res=4.2445e-01 | Iters=0 | Step time=0.096s | Total time=38.9s
Step 199/329 | Load err=6.2444e-01 | Res=4.2930e-01 | Iters=0 | Step time=0.096s | Total time=39.0s
Step 200/329 | Load err=6.2752e-01 | Res=4.3419e-01 | Iters=0 | Step time=0.096s | Total time=39.1s
Step 201/329 | Load err=6.3053e-01 | Res=4.3899e-01 | Iters=0 | Step time=0.096s | Total time=39.2s
Step 202/329 | Load err=6.3337e-01 | Res=4.4352e-01 | Iters=0 | Step time=0.096s | Total time=39.3s
Step 203/329 | Load err=6.3588e-01 | Res=4.4755e-01 | Iters=0 | Step time=0.096s | Total time=39.4s
Step 204/329 | Load err=6.3789e-01 | Res=4.5083e-01 | Iters=0 | Step time=0.096s | Total time=39.5s
Step 205/329 | Load err=6.3920e-01 | Res=4.5300e-01 | Iters=0 | Step time=0.096s | Total time=39.6s
Step 206/329 | Load err=6.3955e-01 | Res=4.5370e-01 | Iters=0 | Step time=0.096s | Total time=39.7s
Step 207/329 | Load err=6.3867e-01 | Res=4.5245e-01 | Iters=0 | Step time=0.096s | Total time=39.8s
Step 208/329 | Load err=6.3622e-01 | Res=4.4876e-01 | Iters=0 | Step time=0.096s | Total time=39.9s
Step 209/329 | Load err=6.3183e-01 | Res=4.4204e-01 | Iters=0 | Step time=0.096s | Total time=40.0s
Step 210/329 | Load err=6.2511e-01 | Res=4.3166e-01 | Iters=0 | Step time=0.096s | Total time=40.1s
Step 211/329 | Load err=6.1559e-01 | Res=4.1693e-01 | Iters=0 | Step time=0.096s | Total time=40.2s
Step 212/329 | Load err=6.0279e-01 | Res=3.9710e-01 | Iters=0 | Step time=0.096s | Total time=40.3s
Step 213/329 | Load err=5.8618e-01 | Res=3.7137e-01 | Iters=0 | Step time=0.096s | Total time=40.4s
Step 214/329 | Load err=5.6519e-01 | Res=3.3890e-01 | Iters=0 | Step time=0.098s | Total time=40.5s
Step 215/329 | Load err=5.3922e-01 | Res=2.9883e-01 | Iters=0 | Step time=0.096s | Total time=40.6s
Step 216/329 | Load err=5.0761e-01 | Res=2.5026e-01 | Iters=0 | Step time=0.097s | Total time=40.7s
Step 217/329 | Load err=4.6967e-01 | Res=1.9233e-01 | Iters=0 | Step time=0.097s | Total time=40.8s
Step 218/329 | Load err=4.2469e-01 | Res=1.2439e-01 | Iters=0 | Step time=0.097s | Total time=40.9s
Step 219/329 | Load err=3.7192e-01 | Res=4.8620e-02 | Iters=0 | Step time=0.096s | Total time=41.0s
Step 220/329 | Load err=3.1069e-01 | Res=5.8329e-02 | Iters=0 | Step time=0.097s | Total time=41.1s
Step 221/329 | Load err=2.4036e-01 | Res=1.6148e-01 | Iters=0 | Step time=0.097s | Total time=41.2s
Step 222/329 | Load err=1.6012e-01 | Res=2.8277e-01 | Iters=0 | Step time=0.097s | Total time=41.3s
Step 223/329 | Load err=6.8959e-02 | Res=4.2085e-01 | Iters=0 | Step time=0.097s | Total time=41.4s
Step 224/329 | Load err=3.3953e-02 | Res=5.7663e-01 | Iters=0 | Step time=0.097s | Total time=41.5s
Step 225/329 | Load err=1.4934e-01 | Res=7.5130e-01 | Iters=0 | Step time=0.097s | Total time=41.6s
Step 226/329 | Load err=2.7824e-01 | Res=3.6785e+00 | Iters=0 | Step time=0.097s | Total time=41.6s
Step 227/329 | Load err=4.2166e-01 | Res=2.3980e+02 | Iters=0 | Step time=0.097s | Total time=41.7s
Step 228/329 | Load err=5.8014e-01 | Res=7.9088e+02 | Iters=0 | Step time=0.097s | Total time=41.8s
Step 229/329 | Load err=7.5419e-01 | Res=1.5808e+03 | Iters=0 | Step time=0.098s | Total time=41.9s
Step 230/329 | Load err=9.4499e-01 | Res=2.5386e+03 | Iters=0 | Step time=0.098s | Total time=42.0s
Step 231/329 | Load err=1.1533e+00 | Res=3.6002e+03 | Iters=0 | Step time=0.098s | Total time=42.1s
Step 232/329 | Load err=1.3796e+00 | Res=4.7100e+03 | Iters=0 | Step time=0.098s | Total time=42.2s
Step 233/329 | Load err=1.6246e+00 | Res=5.8220e+03 | Iters=0 | Step time=0.098s | Total time=42.3s
Step 234/329 | Load err=1.8890e+00 | Res=6.8993e+03 | Iters=0 | Step time=0.099s | Total time=42.4s
Step 235/329 | Load err=2.1730e+00 | Res=7.9146e+03 | Iters=0 | Step time=0.100s | Total time=42.5s
Step 236/329 | Load err=2.4762e+00 | Res=8.8489e+03 | Iters=0 | Step time=0.099s | Total time=42.6s
Step 237/329 | Load err=2.7996e+00 | Res=9.6910e+03 | Iters=0 | Step time=0.099s | Total time=42.7s
Step 238/329 | Load err=3.1432e+00 | Res=1.0436e+04 | Iters=0 | Step time=0.099s | Total time=42.8s
Step 239/329 | Load err=3.5070e+00 | Res=1.1086e+04 | Iters=0 | Step time=0.099s | Total time=42.9s
Step 240/329 | Load err=3.8907e+00 | Res=1.1643e+04 | Iters=0 | Step time=0.099s | Total time=43.0s
Step 241/329 | Load err=4.2940e+00 | Res=1.2117e+04 | Iters=0 | Step time=0.099s | Total time=43.1s
Step 242/329 | Load err=4.7162e+00 | Res=1.2516e+04 | Iters=0 | Step time=0.099s | Total time=43.2s
Step 243/329 | Load err=5.1567e+00 | Res=1.2850e+04 | Iters=0 | Step time=0.099s | Total time=43.3s
Step 244/329 | Load err=5.6144e+00 | Res=1.3128e+04 | Iters=0 | Step time=0.099s | Total time=43.4s
Step 245/329 | Load err=6.0875e+00 | Res=1.3359e+04 | Iters=0 | Step time=0.098s | Total time=43.5s
Step 246/329 | Load err=6.5749e+00 | Res=1.3552e+04 | Iters=0 | Step time=0.098s | Total time=43.6s
Step 247/329 | Load err=7.0754e+00 | Res=1.3712e+04 | Iters=0 | Step time=0.098s | Total time=43.7s
Step 248/329 | Load err=7.5872e+00 | Res=1.3847e+04 | Iters=0 | Step time=0.098s | Total time=43.8s
Step 249/329 | Load err=8.1082e+00 | Res=1.3960e+04 | Iters=0 | Step time=0.098s | Total time=43.9s
Step 250/329 | Load err=8.6363e+00 | Res=1.4056e+04 | Iters=0 | Step time=0.098s | Total time=44.0s
Step 251/329 | Load err=9.1692e+00 | Res=1.4138e+04 | Iters=0 | Step time=0.098s | Total time=44.1s
Step 252/329 | Load err=9.7043e+00 | Res=1.4207e+04 | Iters=0 | Step time=0.098s | Total time=44.2s
Step 253/329 | Load err=1.0239e+01 | Res=1.4267e+04 | Iters=0 | Step time=0.098s | Total time=44.3s
Step 254/329 | Load err=1.0770e+01 | Res=1.4317e+04 | Iters=0 | Step time=0.098s | Total time=44.4s
Step 255/329 | Load err=1.1296e+01 | Res=1.4361e+04 | Iters=0 | Step time=0.098s | Total time=44.5s
Step 256/329 | Load err=1.1811e+01 | Res=1.4398e+04 | Iters=0 | Step time=0.099s | Total time=44.6s
Step 257/329 | Load err=1.2315e+01 | Res=1.4430e+04 | Iters=0 | Step time=0.098s | Total time=44.7s
Step 258/329 | Load err=1.2803e+01 | Res=1.4456e+04 | Iters=0 | Step time=0.098s | Total time=44.8s
Step 259/329 | Load err=1.3273e+01 | Res=1.4478e+04 | Iters=0 | Step time=0.099s | Total time=44.9s
Step 260/329 | Load err=1.3721e+01 | Res=1.4495e+04 | Iters=0 | Step time=0.098s | Total time=45.0s
Step 261/329 | Load err=1.4144e+01 | Res=1.4508e+04 | Iters=0 | Step time=0.098s | Total time=45.1s
Step 262/329 | Load err=1.4539e+01 | Res=1.4518e+04 | Iters=0 | Step time=0.098s | Total time=45.2s
Step 263/329 | Load err=1.4903e+01 | Res=1.4524e+04 | Iters=0 | Step time=0.098s | Total time=45.3s
Step 264/329 | Load err=1.5234e+01 | Res=1.4526e+04 | Iters=0 | Step time=0.098s | Total time=45.4s
Step 265/329 | Load err=1.5529e+01 | Res=1.4525e+04 | Iters=0 | Step time=0.098s | Total time=45.5s
Step 266/329 | Load err=1.5786e+01 | Res=1.4520e+04 | Iters=0 | Step time=0.098s | Total time=45.6s
Step 267/329 | Load err=1.6004e+01 | Res=1.4512e+04 | Iters=0 | Step time=0.098s | Total time=45.7s
Step 268/329 | Load err=1.6180e+01 | Res=1.4501e+04 | Iters=0 | Step time=0.099s | Total time=45.8s
Step 269/329 | Load err=1.6313e+01 | Res=1.4485e+04 | Iters=0 | Step time=0.098s | Total time=45.9s
Step 270/329 | Load err=1.6403e+01 | Res=1.4466e+04 | Iters=0 | Step time=0.098s | Total time=46.0s
Step 271/329 | Load err=1.6449e+01 | Res=1.4443e+04 | Iters=0 | Step time=0.098s | Total time=46.1s
Step 272/329 | Load err=1.6452e+01 | Res=1.4415e+04 | Iters=0 | Step time=0.098s | Total time=46.2s
Step 273/329 | Load err=1.6411e+01 | Res=1.4383e+04 | Iters=0 | Step time=0.098s | Total time=46.3s
Step 274/329 | Load err=1.6327e+01 | Res=1.4346e+04 | Iters=0 | Step time=0.098s | Total time=46.4s
Step 275/329 | Load err=1.6202e+01 | Res=1.4303e+04 | Iters=0 | Step time=0.098s | Total time=46.5s
Step 276/329 | Load err=1.6038e+01 | Res=1.4255e+04 | Iters=0 | Step time=0.100s | Total time=46.6s
Step 277/329 | Load err=1.5836e+01 | Res=1.4199e+04 | Iters=0 | Step time=0.098s | Total time=46.7s
Step 278/329 | Load err=1.5599e+01 | Res=1.4135e+04 | Iters=0 | Step time=0.098s | Total time=46.8s
Step 279/329 | Load err=1.5330e+01 | Res=1.4063e+04 | Iters=0 | Step time=0.098s | Total time=46.9s
Step 280/329 | Load err=1.5032e+01 | Res=1.3981e+04 | Iters=0 | Step time=0.098s | Total time=47.0s
Step 281/329 | Load err=1.4708e+01 | Res=1.3887e+04 | Iters=0 | Step time=0.098s | Total time=47.1s
Step 282/329 | Load err=1.4364e+01 | Res=1.3781e+04 | Iters=0 | Step time=0.098s | Total time=47.2s
Step 283/329 | Load err=1.4001e+01 | Res=1.3660e+04 | Iters=0 | Step time=0.098s | Total time=47.3s
Step 284/329 | Load err=1.3624e+01 | Res=1.3523e+04 | Iters=0 | Step time=0.098s | Total time=47.4s
Step 285/329 | Load err=1.3238e+01 | Res=1.3368e+04 | Iters=0 | Step time=0.098s | Total time=47.5s
Step 286/329 | Load err=1.2847e+01 | Res=1.3195e+04 | Iters=0 | Step time=0.098s | Total time=47.6s
Step 287/329 | Load err=1.2453e+01 | Res=1.3001e+04 | Iters=0 | Step time=0.098s | Total time=47.6s
Step 288/329 | Load err=1.2062e+01 | Res=1.2787e+04 | Iters=0 | Step time=0.098s | Total time=47.7s
Step 289/329 | Load err=1.1678e+01 | Res=1.2552e+04 | Iters=0 | Step time=0.098s | Total time=47.8s
Step 290/329 | Load err=1.1304e+01 | Res=1.2298e+04 | Iters=0 | Step time=0.099s | Total time=47.9s
Step 291/329 | Load err=1.0944e+01 | Res=1.2027e+04 | Iters=0 | Step time=0.098s | Total time=48.0s
Step 292/329 | Load err=1.0601e+01 | Res=1.1742e+04 | Iters=0 | Step time=0.098s | Total time=48.1s
Step 293/329 | Load err=1.0277e+01 | Res=1.1447e+04 | Iters=0 | Step time=0.098s | Total time=48.2s
Step 294/329 | Load err=9.9754e+00 | Res=1.1147e+04 | Iters=0 | Step time=0.098s | Total time=48.3s
Step 295/329 | Load err=9.6977e+00 | Res=1.0849e+04 | Iters=0 | Step time=0.099s | Total time=48.4s
Step 296/329 | Load err=9.4457e+00 | Res=1.0557e+04 | Iters=0 | Step time=0.100s | Total time=48.5s
Step 297/329 | Load err=9.2203e+00 | Res=1.0277e+04 | Iters=0 | Step time=0.099s | Total time=48.6s
Step 298/329 | Load err=9.0225e+00 | Res=1.0016e+04 | Iters=0 | Step time=0.099s | Total time=48.7s
Step 299/329 | Load err=8.8525e+00 | Res=9.7782e+03 | Iters=0 | Step time=0.098s | Total time=48.8s
Step 300/329 | Load err=8.7103e+00 | Res=9.5672e+03 | Iters=0 | Step time=0.098s | Total time=48.9s
Step 301/329 | Load err=8.5955e+00 | Res=9.3863e+03 | Iters=0 | Step time=0.098s | Total time=49.0s
Step 302/329 | Load err=8.5072e+00 | Res=9.2375e+03 | Iters=0 | Step time=0.098s | Total time=49.1s
Step 303/329 | Load err=8.4445e+00 | Res=9.1215e+03 | Iters=0 | Step time=0.098s | Total time=49.2s
Step 304/329 | Load err=8.4059e+00 | Res=9.0380e+03 | Iters=0 | Step time=0.098s | Total time=49.3s
Step 305/329 | Load err=8.3897e+00 | Res=8.9857e+03 | Iters=0 | Step time=0.098s | Total time=49.4s
Step 306/329 | Load err=8.3941e+00 | Res=8.9624e+03 | Iters=0 | Step time=0.098s | Total time=49.5s
Step 307/329 | Load err=8.4169e+00 | Res=8.9655e+03 | Iters=0 | Step time=0.098s | Total time=49.6s
Step 308/329 | Load err=8.4561e+00 | Res=8.9917e+03 | Iters=0 | Step time=0.098s | Total time=49.7s
Step 309/329 | Load err=8.5091e+00 | Res=9.0373e+03 | Iters=0 | Step time=0.098s | Total time=49.8s
Step 310/329 | Load err=8.5737e+00 | Res=9.0987e+03 | Iters=0 | Step time=0.097s | Total time=49.9s
Step 311/329 | Load err=8.6474e+00 | Res=9.1720e+03 | Iters=0 | Step time=0.098s | Total time=50.0s
Step 312/329 | Load err=8.7278e+00 | Res=9.2537e+03 | Iters=0 | Step time=0.098s | Total time=50.1s
Step 313/329 | Load err=8.8123e+00 | Res=9.3402e+03 | Iters=0 | Step time=0.098s | Total time=50.2s
Step 314/329 | Load err=8.8987e+00 | Res=9.4283e+03 | Iters=0 | Step time=0.098s | Total time=50.3s
Step 315/329 | Load err=8.9846e+00 | Res=9.5151e+03 | Iters=0 | Step time=0.098s | Total time=50.4s
Step 316/329 | Load err=9.0679e+00 | Res=9.5980e+03 | Iters=0 | Step time=0.098s | Total time=50.5s
Step 317/329 | Load err=9.1464e+00 | Res=9.6747e+03 | Iters=0 | Step time=0.098s | Total time=50.6s
Step 318/329 | Load err=9.2182e+00 | Res=9.7432e+03 | Iters=0 | Step time=0.098s | Total time=50.7s
Step 319/329 | Load err=9.2814e+00 | Res=9.8016e+03 | Iters=0 | Step time=0.098s | Total time=50.8s
Step 320/329 | Load err=9.3345e+00 | Res=9.8485e+03 | Iters=0 | Step time=0.098s | Total time=50.9s
Step 321/329 | Load err=9.3759e+00 | Res=9.8825e+03 | Iters=0 | Step time=0.098s | Total time=51.0s
Step 322/329 | Load err=9.4043e+00 | Res=9.9024e+03 | Iters=0 | Step time=0.098s | Total time=51.1s
Step 323/329 | Load err=9.4184e+00 | Res=9.9070e+03 | Iters=0 | Step time=0.098s | Total time=51.2s
Step 324/329 | Load err=9.4173e+00 | Res=9.8952e+03 | Iters=0 | Step time=0.098s | Total time=51.3s
Step 325/329 | Load err=9.4000e+00 | Res=9.8658e+03 | Iters=0 | Step time=0.098s | Total time=51.4s
Step 326/329 | Load err=9.3658e+00 | Res=9.8177e+03 | Iters=0 | Step time=0.098s | Total time=51.5s
Step 327/329 | Load err=9.3140e+00 | Res=9.7496e+03 | Iters=0 | Step time=0.098s | Total time=51.6s
Step 328/329 | Load err=9.0081e+00 | Res=9.3662e+03 | Iters=0 | Step time=0.098s | Total time=51.7s
Step 329/329 | Load err=8.7323e+00 | Res=8.9992e+03 | Iters=0 | Step time=0.098s | Total time=51.8s

============================================================
FINAL SUMMARY
============================================================
Total Runtime: 51.77 seconds
Average Load Error: 3.2369e+00
Max Load Error: 1.6452e+01
Average Step Time: 0.157 seconds
