Optimized EHL Solver Init
Step 1/329 | Load err=1.0138e-06 | Res=9.2939e-08 | Iters=9 | Step time=0.285s | Total time=0.3s
Step 2/329 | Load err=1.0014e-08 | Res=9.2749e-10 | Iters=7 | Step time=0.224s | Total time=0.5s
Step 3/329 | Load err=1.0557e-06 | Res=9.7929e-08 | Iters=2 | Step time=0.064s | Total time=0.6s
Step 4/329 | Load err=3.4923e-07 | Res=3.2161e-08 | Iters=2 | Step time=0.064s | Total time=0.6s
Step 5/329 | Load err=1.0463e-06 | Res=9.6125e-08 | Iters=2 | Step time=0.064s | Total time=0.7s
Step 6/329 | Load err=4.3132e-07 | Res=3.9623e-08 | Iters=2 | Step time=0.064s | Total time=0.8s
Step 7/329 | Load err=1.6596e-07 | Res=1.5686e-08 | Iters=2 | Step time=0.064s | Total time=0.8s
Step 8/329 | Load err=4.7246e-07 | Res=4.3326e-08 | Iters=3 | Step time=0.096s | Total time=0.9s
Step 9/329 | Load err=1.8297e-08 | Res=4.5611e-09 | Iters=2 | Step time=0.064s | Total time=1.0s
Step 10/329 | Load err=6.0542e-07 | Res=5.5720e-08 | Iters=2 | Step time=0.064s | Total time=1.1s
Step 11/329 | Load err=4.1173e-07 | Res=3.7766e-08 | Iters=2 | Step time=0.064s | Total time=1.1s
Step 12/329 | Load err=4.4072e-07 | Res=4.2696e-08 | Iters=2 | Step time=0.065s | Total time=1.2s
Step 13/329 | Load err=5.9332e-07 | Res=5.4586e-08 | Iters=2 | Step time=0.064s | Total time=1.2s
Step 14/329 | Load err=4.7251e-07 | Res=4.3362e-08 | Iters=2 | Step time=0.064s | Total time=1.3s
Step 15/329 | Load err=1.0161e-07 | Res=9.9654e-09 | Iters=4 | Step time=0.127s | Total time=1.4s
Step 16/329 | Load err=6.2894e-07 | Res=5.7691e-08 | Iters=3 | Step time=0.096s | Total time=1.5s
Step 17/329 | Load err=4.3452e-07 | Res=4.0421e-08 | Iters=2 | Step time=0.064s | Total time=1.6s
Step 18/329 | Load err=2.9132e-07 | Res=2.6846e-08 | Iters=2 | Step time=0.064s | Total time=1.7s
Step 19/329 | Load err=7.5060e-07 | Res=6.8853e-08 | Iters=2 | Step time=0.064s | Total time=1.7s
Step 20/329 | Load err=7.4563e-07 | Res=6.8389e-08 | Iters=3 | Step time=0.095s | Total time=1.8s
Step 21/329 | Load err=2.2881e-07 | Res=2.1157e-08 | Iters=2 | Step time=0.064s | Total time=1.9s
Step 22/329 | Load err=1.3292e-07 | Res=1.2364e-08 | Iters=2 | Step time=0.063s | Total time=1.9s
Step 23/329 | Load err=6.9928e-08 | Res=6.6809e-09 | Iters=2 | Step time=0.063s | Total time=2.0s
Step 24/329 | Load err=3.7202e-08 | Res=4.2367e-09 | Iters=2 | Step time=0.063s | Total time=2.1s
Step 25/329 | Load err=9.3739e-08 | Res=8.7600e-09 | Iters=2 | Step time=0.064s | Total time=2.1s
Step 26/329 | Load err=1.6295e-07 | Res=1.5095e-08 | Iters=2 | Step time=0.065s | Total time=2.2s
Step 27/329 | Load err=3.9363e-07 | Res=3.6163e-08 | Iters=1 | Step time=0.033s | Total time=2.2s
Step 28/329 | Load err=8.4041e-07 | Res=7.7149e-08 | Iters=2 | Step time=0.065s | Total time=2.3s
Step 29/329 | Load err=4.3666e-07 | Res=4.0107e-08 | Iters=2 | Step time=0.065s | Total time=2.4s
Step 30/329 | Load err=8.8035e-07 | Res=8.0825e-08 | Iters=2 | Step time=0.065s | Total time=2.4s
Step 31/329 | Load err=4.2120e-07 | Res=3.8715e-08 | Iters=2 | Step time=0.065s | Total time=2.5s
Step 32/329 | Load err=4.0845e-07 | Res=3.7545e-08 | Iters=3 | Step time=0.097s | Total time=2.6s
Step 33/329 | Load err=4.6688e-08 | Res=4.8584e-09 | Iters=2 | Step time=0.064s | Total time=2.7s
Step 34/329 | Load err=5.4536e-07 | Res=5.0118e-08 | Iters=3 | Step time=0.095s | Total time=2.8s
Step 35/329 | Load err=6.9040e-07 | Res=6.3384e-08 | Iters=4 | Step time=0.126s | Total time=2.9s
Step 36/329 | Load err=1.0183e-06 | Res=9.3400e-08 | Iters=3 | Step time=0.095s | Total time=3.0s
Step 37/329 | Load err=3.0256e-07 | Res=2.8437e-08 | Iters=2 | Step time=0.063s | Total time=3.0s
Step 38/329 | Load err=7.2108e-07 | Res=6.6260e-08 | Iters=3 | Step time=0.095s | Total time=3.1s
Step 39/329 | Load err=9.1691e-07 | Res=8.4158e-08 | Iters=3 | Step time=0.096s | Total time=3.2s
Step 40/329 | Load err=4.8639e-07 | Res=4.5256e-08 | Iters=2 | Step time=0.063s | Total time=3.3s
Step 41/329 | Load err=8.0601e-07 | Res=7.4111e-08 | Iters=3 | Step time=0.095s | Total time=3.4s
Step 42/329 | Load err=2.9009e-07 | Res=2.8057e-08 | Iters=4 | Step time=0.126s | Total time=3.5s
Step 43/329 | Load err=9.9720e-07 | Res=9.1632e-08 | Iters=4 | Step time=0.127s | Total time=3.6s
Step 44/329 | Load err=3.8854e-07 | Res=3.6414e-08 | Iters=4 | Step time=0.126s | Total time=3.8s
Step 45/329 | Load err=6.7136e-07 | Res=6.2016e-08 | Iters=4 | Step time=0.126s | Total time=3.9s
Step 46/329 | Load err=9.2969e-08 | Res=1.2502e-08 | Iters=4 | Step time=0.126s | Total time=4.0s
Step 47/329 | Load err=7.0602e-07 | Res=6.5343e-08 | Iters=4 | Step time=0.126s | Total time=4.1s
Step 48/329 | Load err=7.0067e-07 | Res=6.5188e-08 | Iters=3 | Step time=0.095s | Total time=4.2s
Step 49/329 | Load err=1.8643e-07 | Res=2.0401e-08 | Iters=6 | Step time=0.189s | Total time=4.4s
Step 50/329 | Load err=2.8725e-07 | Res=2.8765e-08 | Iters=2 | Step time=0.064s | Total time=4.5s
Step 51/329 | Load err=1.0154e-06 | Res=9.3085e-08 | Iters=1 | Step time=0.032s | Total time=4.5s
Step 52/329 | Load err=1.0471e-06 | Res=9.6454e-08 | Iters=3 | Step time=0.096s | Total time=4.6s
Step 53/329 | Load err=8.2483e-07 | Res=7.6074e-08 | Iters=4 | Step time=0.128s | Total time=4.7s
Step 54/329 | Load err=1.4891e-07 | Res=1.3704e-08 | Iters=2 | Step time=0.064s | Total time=4.8s
Step 55/329 | Load err=2.2940e-07 | Res=2.5013e-08 | Iters=7 | Step time=0.222s | Total time=5.0s
Step 56/329 | Load err=2.8427e-07 | Res=3.1172e-08 | Iters=4 | Step time=0.127s | Total time=5.2s
Step 57/329 | Load err=6.1875e-07 | Res=5.7257e-08 | Iters=4 | Step time=0.127s | Total time=5.3s
Step 58/329 | Load err=9.4984e-07 | Res=8.7360e-08 | Iters=3 | Step time=0.096s | Total time=5.4s
Step 59/329 | Load err=8.4361e-07 | Res=8.1135e-08 | Iters=4 | Step time=0.127s | Total time=5.5s
Step 60/329 | Load err=9.9846e-08 | Res=1.5631e-08 | Iters=8 | Step time=0.253s | Total time=5.8s
Step 61/329 | Load err=4.6438e-07 | Res=4.4212e-08 | Iters=3 | Step time=0.096s | Total time=5.9s
Step 62/329 | Load err=1.6119e-07 | Res=2.0434e-08 | Iters=3 | Step time=0.096s | Total time=6.0s
Step 63/329 | Load err=6.9899e-07 | Res=6.5063e-08 | Iters=3 | Step time=0.095s | Total time=6.0s
Step 64/329 | Load err=3.2878e-07 | Res=3.7324e-08 | Iters=5 | Step time=0.159s | Total time=6.2s
Step 65/329 | Load err=6.0504e-07 | Res=5.8246e-08 | Iters=9 | Step time=0.286s | Total time=6.5s
Step 66/329 | Load err=2.3350e-07 | Res=2.7012e-08 | Iters=3 | Step time=0.097s | Total time=6.6s
Step 67/329 | Load err=1.1718e-07 | Res=1.5941e-08 | Iters=5 | Step time=0.161s | Total time=6.8s
Step 68/329 | Load err=2.3019e-07 | Res=2.4227e-08 | Iters=4 | Step time=0.128s | Total time=6.9s
Step 69/329 | Load err=7.2831e-07 | Res=7.1083e-08 | Iters=4 | Step time=0.128s | Total time=7.0s
Step 70/329 | Load err=9.4323e-07 | Res=8.7475e-08 | Iters=4 | Step time=0.128s | Total time=7.1s
Step 71/329 | Load err=1.9509e-07 | Res=2.1121e-08 | Iters=4 | Step time=0.129s | Total time=7.3s
Step 72/329 | Load err=9.4465e-07 | Res=8.9144e-08 | Iters=5 | Step time=0.160s | Total time=7.4s
Step 73/329 | Load err=5.2634e-07 | Res=4.9817e-08 | Iters=3 | Step time=0.096s | Total time=7.5s
Step 74/329 | Load err=9.4041e-07 | Res=9.2671e-08 | Iters=2 | Step time=0.064s | Total time=7.6s
Step 75/329 | Load err=2.7830e-07 | Res=5.9488e-08 | Iters=4 | Step time=0.127s | Total time=7.7s
Step 76/329 | Load err=5.0566e-07 | Res=5.2379e-08 | Iters=3 | Step time=0.095s | Total time=7.8s
Step 77/329 | Load err=1.0485e-07 | Res=2.5122e-08 | Iters=4 | Step time=0.127s | Total time=7.9s
Step 78/329 | Load err=3.9841e-07 | Res=4.2157e-08 | Iters=2 | Step time=0.063s | Total time=8.0s
Step 79/329 | Load err=2.3325e-07 | Res=3.8254e-08 | Iters=4 | Step time=0.127s | Total time=8.1s
Step 80/329 | Load err=1.0588e-06 | Res=9.9442e-08 | Iters=2 | Step time=0.063s | Total time=8.2s
Step 81/329 | Load err=4.8408e-07 | Res=4.8304e-08 | Iters=5 | Step time=0.158s | Total time=8.3s
Step 82/329 | Load err=2.8170e-07 | Res=3.2386e-08 | Iters=3 | Step time=0.096s | Total time=8.4s
Step 83/329 | Load err=2.2029e-07 | Res=3.2651e-08 | Iters=5 | Step time=0.159s | Total time=8.6s
Step 84/329 | Load err=8.7402e-07 | Res=9.0460e-08 | Iters=4 | Step time=0.127s | Total time=8.7s
Step 85/329 | Load err=2.0214e-07 | Res=2.8790e-08 | Iters=4 | Step time=0.127s | Total time=8.9s
Step 86/329 | Load err=8.8549e-07 | Res=8.9665e-08 | Iters=2 | Step time=0.063s | Total time=8.9s
Step 87/329 | Load err=8.5874e-07 | Res=7.8749e-08 | Iters=3 | Step time=0.095s | Total time=9.0s
Step 88/329 | Load err=5.4866e-08 | Res=3.4159e-08 | Iters=3 | Step time=0.095s | Total time=9.1s
Step 89/329 | Load err=6.3679e-08 | Res=6.6324e-08 | Iters=2 | Step time=0.063s | Total time=9.2s
Step 90/329 | Load err=9.5246e-07 | Res=8.7312e-08 | Iters=3 | Step time=0.095s | Total time=9.3s
Step 91/329 | Load err=4.3061e-07 | Res=3.9492e-08 | Iters=2 | Step time=0.063s | Total time=9.3s
Step 92/329 | Load err=2.7752e-07 | Res=7.2264e-08 | Iters=2 | Step time=0.063s | Total time=9.4s
Step 93/329 | Load err=6.9393e-07 | Res=7.4243e-08 | Iters=2 | Step time=0.063s | Total time=9.5s
Step 94/329 | Load err=4.9591e-08 | Res=5.5278e-08 | Iters=3 | Step time=0.094s | Total time=9.6s
Step 95/329 | Load err=8.8636e-07 | Res=8.7308e-08 | Iters=2 | Step time=0.063s | Total time=9.6s
Step 96/329 | Load err=4.9401e-08 | Res=8.1660e-08 | Iters=3 | Step time=0.094s | Total time=9.7s
Step 97/329 | Load err=1.1609e-07 | Res=4.3983e-08 | Iters=3 | Step time=0.095s | Total time=9.8s
Step 98/329 | Load err=1.0404e-07 | Res=5.6857e-08 | Iters=3 | Step time=0.094s | Total time=9.9s
Step 99/329 | Load err=8.2764e-08 | Res=2.5765e-08 | Iters=3 | Step time=0.094s | Total time=10.0s
Step 100/329 | Load err=5.2179e-08 | Res=7.5604e-09 | Iters=3 | Step time=0.094s | Total time=10.1s
Step 101/329 | Load err=3.2245e-08 | Res=3.0240e-09 | Iters=3 | Step time=0.094s | Total time=10.2s
Step 102/329 | Load err=8.8923e-09 | Res=8.1516e-10 | Iters=3 | Step time=0.094s | Total time=10.3s
Step 103/329 | Load err=9.4012e-07 | Res=8.6181e-08 | Iters=2 | Step time=0.063s | Total time=10.3s
Step 104/329 | Load err=9.4377e-07 | Res=8.6515e-08 | Iters=2 | Step time=0.063s | Total time=10.4s
Step 105/329 | Load err=8.9381e-07 | Res=8.1947e-08 | Iters=2 | Step time=0.063s | Total time=10.5s
Step 106/329 | Load err=6.6656e-07 | Res=8.4835e-08 | Iters=10 | Step time=0.313s | Total time=10.8s
Step 107/329 | Load err=2.3429e-02 | Res=2.2323e-01 | Iters=17 | Step time=1.186s | Total time=12.0s
Step 108/329 | Load err=1.2219e-01 | Res=1.8837e-01 | Iters=0 | Step time=0.797s | Total time=12.8s
Step 109/329 | Load err=1.2394e-03 | Res=1.8348e-04 | Iters=22 | Step time=1.381s | Total time=14.1s
Step 110/329 | Load err=2.8195e-08 | Res=9.5622e-08 | Iters=21 | Step time=0.905s | Total time=15.0s
Step 111/329 | Load err=3.7570e-09 | Res=8.2713e-10 | Iters=5 | Step time=0.160s | Total time=15.2s
Step 112/329 | Load err=6.2419e-08 | Res=6.8761e-08 | Iters=3 | Step time=0.095s | Total time=15.3s
Step 113/329 | Load err=7.4035e-08 | Res=6.7884e-09 | Iters=7 | Step time=0.222s | Total time=15.5s
Step 114/329 | Load err=1.5556e-08 | Res=8.3885e-08 | Iters=5 | Step time=0.158s | Total time=15.7s
Step 115/329 | Load err=2.1846e-06 | Res=6.6690e-05 | Iters=22 | Step time=1.109s | Total time=16.8s
Step 116/329 | Load err=5.5961e-07 | Res=8.8230e-08 | Iters=16 | Step time=0.501s | Total time=17.3s
Step 117/329 | Load err=2.7554e-03 | Res=2.0451e+04 | Iters=12 | Step time=0.555s | Total time=17.8s
Step 118/329 | Load err=5.5263e-05 | Res=7.2351e-01 | Iters=22 | Step time=1.836s | Total time=19.7s
Step 119/329 | Load err=4.1766e-07 | Res=3.8287e-08 | Iters=17 | Step time=0.620s | Total time=20.3s
Step 120/329 | Load err=2.8901e-07 | Res=2.6494e-08 | Iters=17 | Step time=1.090s | Total time=21.4s
Step 121/329 | Load err=2.1755e-05 | Res=1.3022e-04 | Iters=18 | Step time=1.643s | Total time=23.0s
Step 122/329 | Load err=2.6351e-08 | Res=8.2023e-08 | Iters=13 | Step time=2.225s | Total time=25.3s
Step 123/329 | Load err=1.2647e-04 | Res=1.1593e-05 | Iters=22 | Step time=1.376s | Total time=26.6s
Step 124/329 | Load err=1.1497e-08 | Res=8.0396e-08 | Iters=8 | Step time=0.256s | Total time=26.9s
Step 125/329 | Load err=6.9833e-09 | Res=1.1075e-08 | Iters=5 | Step time=0.167s | Total time=27.1s
Step 126/329 | Load err=3.4185e-07 | Res=3.1340e-08 | Iters=5 | Step time=2.031s | Total time=29.1s
Step 127/329 | Load err=3.5730e-07 | Res=3.3285e-08 | Iters=18 | Step time=1.133s | Total time=30.2s
Step 128/329 | Load err=8.8244e-07 | Res=8.0895e-08 | Iters=0 | Step time=0.531s | Total time=30.8s
Step 129/329 | Load err=3.2810e-07 | Res=3.0096e-08 | Iters=4 | Step time=1.363s | Total time=32.1s
Step 130/329 | Load err=6.4126e-06 | Res=2.1739e-05 | Iters=18 | Step time=2.360s | Total time=34.5s
Step 131/329 | Load err=1.0115e-06 | Res=9.2727e-08 | Iters=17 | Step time=2.333s | Total time=36.8s
Step 132/329 | Load err=1.1500e-04 | Res=1.0542e-05 | Iters=22 | Step time=2.362s | Total time=39.2s
Step 133/329 | Load err=1.5801e-08 | Res=3.3811e-08 | Iters=0 | Step time=0.156s | Total time=39.3s
Step 134/329 | Load err=5.1362e-08 | Res=5.4651e-08 | Iters=2 | Step time=0.063s | Total time=39.4s
Step 135/329 | Load err=5.0791e-08 | Res=5.7321e-09 | Iters=0 | Step time=0.433s | Total time=39.8s
Step 136/329 | Load err=1.2495e-04 | Res=1.1454e-05 | Iters=18 | Step time=2.363s | Total time=42.2s
Step 137/329 | Load err=6.1020e-08 | Res=7.8032e-08 | Iters=6 | Step time=0.186s | Total time=42.4s
Step 138/329 | Load err=7.7781e-08 | Res=7.1378e-09 | Iters=6 | Step time=0.188s | Total time=42.6s
Step 139/329 | Load err=8.6408e-08 | Res=8.4845e-09 | Iters=5 | Step time=0.154s | Total time=42.7s
Step 140/329 | Load err=2.6589e-05 | Res=2.4377e-06 | Iters=18 | Step time=2.370s | Total time=45.1s
Step 141/329 | Load err=1.7411e-04 | Res=1.5960e-05 | Iters=18 | Step time=2.299s | Total time=47.4s
Step 142/329 | Load err=5.2121e-08 | Res=6.7564e-09 | Iters=5 | Step time=0.154s | Total time=47.5s
Step 143/329 | Load err=1.9730e-07 | Res=4.2872e-08 | Iters=3 | Step time=0.093s | Total time=47.6s
Step 144/329 | Load err=2.4633e-09 | Res=1.9335e-08 | Iters=4 | Step time=0.124s | Total time=47.8s
Step 145/329 | Load err=2.6677e-08 | Res=5.4345e-08 | Iters=2 | Step time=0.065s | Total time=47.8s
Step 146/329 | Load err=1.2245e-09 | Res=7.7555e-08 | Iters=4 | Step time=0.125s | Total time=47.9s
Step 147/329 | Load err=2.5983e-06 | Res=3.0822e-07 | Iters=18 | Step time=1.250s | Total time=49.2s
Step 148/329 | Load err=1.7731e-04 | Res=1.6254e-05 | Iters=22 | Step time=2.370s | Total time=51.6s
Step 149/329 | Load err=1.5269e-07 | Res=5.4725e-08 | Iters=5 | Step time=0.155s | Total time=51.7s
Step 150/329 | Load err=1.2448e-07 | Res=1.1411e-08 | Iters=6 | Step time=0.187s | Total time=51.9s
Step 151/329 | Load err=1.3731e-07 | Res=1.2591e-08 | Iters=5 | Step time=0.157s | Total time=52.1s
Step 152/329 | Load err=2.9172e-07 | Res=2.6742e-08 | Iters=4 | Step time=0.126s | Total time=52.2s
Step 153/329 | Load err=1.6836e-04 | Res=1.5434e-05 | Iters=22 | Step time=2.364s | Total time=54.6s
Step 154/329 | Load err=2.0353e-07 | Res=1.9272e-08 | Iters=4 | Step time=0.124s | Total time=54.7s
Step 155/329 | Load err=4.8215e-07 | Res=5.6060e-08 | Iters=2 | Step time=0.062s | Total time=54.7s
Step 156/329 | Load err=1.1127e-07 | Res=1.7125e-08 | Iters=6 | Step time=0.187s | Total time=54.9s
Step 157/329 | Load err=1.6406e-07 | Res=7.0942e-08 | Iters=4 | Step time=0.124s | Total time=55.1s
Step 158/329 | Load err=1.5267e-05 | Res=2.0253e-06 | Iters=18 | Step time=2.400s | Total time=57.5s
Step 159/329 | Load err=2.9561e-04 | Res=2.7098e-05 | Iters=18 | Step time=2.416s | Total time=59.9s
Step 160/329 | Load err=1.1495e-08 | Res=6.5407e-09 | Iters=6 | Step time=0.186s | Total time=60.1s
Step 161/329 | Load err=1.0252e-06 | Res=9.5896e-08 | Iters=3 | Step time=0.094s | Total time=60.1s
Step 162/329 | Load err=1.0453e-07 | Res=5.6351e-08 | Iters=3 | Step time=0.093s | Total time=60.2s
Step 163/329 | Load err=1.7126e-07 | Res=4.3195e-08 | Iters=2 | Step time=0.062s | Total time=60.3s
Step 164/329 | Load err=9.5166e-09 | Res=4.8140e-08 | Iters=3 | Step time=0.093s | Total time=60.4s
Step 165/329 | Load err=3.0044e-06 | Res=1.1742e-06 | Iters=18 | Step time=2.375s | Total time=62.8s
Step 166/329 | Load err=1.5275e-04 | Res=1.4002e-05 | Iters=22 | Step time=1.217s | Total time=64.0s
Step 167/329 | Load err=2.4203e-07 | Res=2.2187e-08 | Iters=5 | Step time=0.156s | Total time=64.1s
Step 168/329 | Load err=6.5883e-08 | Res=8.4673e-08 | Iters=4 | Step time=0.125s | Total time=64.3s
Step 169/329 | Load err=6.3202e-07 | Res=5.7938e-08 | Iters=3 | Step time=0.095s | Total time=64.4s
Step 170/329 | Load err=2.6608e-04 | Res=2.4392e-05 | Iters=18 | Step time=2.404s | Total time=66.8s
Step 171/329 | Load err=1.9642e-09 | Res=4.7458e-08 | Iters=6 | Step time=0.186s | Total time=67.0s
Step 172/329 | Load err=1.1630e-08 | Res=7.5147e-08 | Iters=4 | Step time=0.124s | Total time=67.1s
Step 173/329 | Load err=6.1562e-09 | Res=6.7152e-08 | Iters=3 | Step time=0.093s | Total time=67.2s
Step 174/329 | Load err=7.6868e-09 | Res=2.3225e-08 | Iters=3 | Step time=0.093s | Total time=67.3s
Step 175/329 | Load err=1.4647e-08 | Res=1.2927e-08 | Iters=4 | Step time=0.125s | Total time=67.4s
Step 176/329 | Load err=1.5571e-04 | Res=1.4274e-05 | Iters=22 | Step time=2.388s | Total time=69.8s
Step 177/329 | Load err=5.4733e-08 | Res=1.5095e-08 | Iters=8 | Step time=0.251s | Total time=70.0s
Step 178/329 | Load err=1.8051e-07 | Res=2.7270e-08 | Iters=2 | Step time=0.063s | Total time=70.1s
Step 179/329 | Load err=9.6958e-09 | Res=8.9829e-10 | Iters=10 | Step time=0.316s | Total time=70.4s
Step 180/329 | Load err=1.2933e-07 | Res=1.1874e-08 | Iters=4 | Step time=1.406s | Total time=71.8s
Step 181/329 | Load err=3.9831e-07 | Res=3.6513e-08 | Iters=11 | Step time=2.193s | Total time=74.0s
Step 182/329 | Load err=1.7636e-04 | Res=1.6167e-05 | Iters=18 | Step time=2.046s | Total time=76.1s
Step 183/329 | Load err=1.8728e-07 | Res=3.1987e-08 | Iters=5 | Step time=0.155s | Total time=76.2s
Step 184/329 | Load err=6.8602e-07 | Res=6.9402e-08 | Iters=3 | Step time=0.093s | Total time=76.3s
Step 185/329 | Load err=2.7743e-08 | Res=9.5111e-08 | Iters=4 | Step time=0.125s | Total time=76.4s
Step 186/329 | Load err=2.9920e-08 | Res=7.9728e-08 | Iters=3 | Step time=0.093s | Total time=76.5s
Step 187/329 | Load err=2.3205e-07 | Res=2.2741e-08 | Iters=18 | Step time=0.558s | Total time=77.1s
Step 188/329 | Load err=1.2388e-04 | Res=1.1356e-05 | Iters=22 | Step time=2.369s | Total time=79.4s
Step 189/329 | Load err=1.3296e-08 | Res=1.2793e-09 | Iters=5 | Step time=0.156s | Total time=79.6s
Step 190/329 | Load err=9.5729e-09 | Res=3.4907e-08 | Iters=7 | Step time=0.218s | Total time=79.8s
Step 191/329 | Load err=4.8090e-09 | Res=4.5294e-10 | Iters=12 | Step time=0.376s | Total time=80.2s
Step 192/329 | Load err=4.5720e-06 | Res=5.0982e-06 | Iters=18 | Step time=2.364s | Total time=82.6s
Step 193/329 | Load err=1.7630e-07 | Res=1.6165e-08 | Iters=12 | Step time=1.620s | Total time=84.2s
Step 194/329 | Load err=1.0538e-04 | Res=9.6606e-06 | Iters=18 | Step time=2.374s | Total time=86.6s
Step 195/329 | Load err=5.1882e-07 | Res=4.8150e-08 | Iters=4 | Step time=0.123s | Total time=86.7s
Step 196/329 | Load err=6.4244e-08 | Res=6.3672e-08 | Iters=5 | Step time=0.155s | Total time=86.8s
Step 197/329 | Load err=8.4678e-09 | Res=1.7025e-08 | Iters=5 | Step time=0.155s | Total time=87.0s
Step 198/329 | Load err=2.0280e-07 | Res=1.8591e-08 | Iters=18 | Step time=0.557s | Total time=87.5s
Step 199/329 | Load err=1.2738e-07 | Res=1.1678e-08 | Iters=9 | Step time=0.282s | Total time=87.8s
Step 200/329 | Load err=1.1331e-04 | Res=1.0387e-05 | Iters=22 | Step time=1.372s | Total time=89.2s
Step 201/329 | Load err=5.4324e-09 | Res=1.0696e-09 | Iters=5 | Step time=0.156s | Total time=89.4s
Step 202/329 | Load err=8.3682e-09 | Res=6.1378e-08 | Iters=13 | Step time=0.407s | Total time=89.8s
Step 203/329 | Load err=4.1288e-08 | Res=3.8179e-09 | Iters=8 | Step time=2.057s | Total time=91.8s
Step 204/329 | Load err=4.3754e-06 | Res=1.7965e-01 | Iters=18 | Step time=2.089s | Total time=93.9s
Step 205/329 | Load err=1.3144e-02 | Res=3.4392e-02 | Iters=12 | Step time=0.555s | Total time=94.5s
Step 206/329 | Load err=1.5221e-02 | Res=3.4168e-02 | Iters=0 | Step time=0.772s | Total time=95.2s
Step 207/329 | Load err=1.3537e-02 | Res=3.4393e-02 | Iters=0 | Step time=0.770s | Total time=96.0s
Step 208/329 | Load err=7.0958e-03 | Res=3.5187e-02 | Iters=0 | Step time=0.649s | Total time=96.7s
Step 209/329 | Load err=5.2266e-03 | Res=3.6687e-02 | Iters=0 | Step time=0.461s | Total time=97.1s
Step 210/329 | Load err=2.4685e-02 | Res=3.9053e-02 | Iters=0 | Step time=0.774s | Total time=97.9s
Step 211/329 | Load err=1.4084e-04 | Res=1.2967e-05 | Iters=22 | Step time=1.582s | Total time=99.5s
Step 212/329 | Load err=7.3071e-08 | Res=6.8872e-09 | Iters=0 | Step time=0.216s | Total time=99.7s
Step 213/329 | Load err=5.3476e-09 | Res=1.5966e-09 | Iters=0 | Step time=0.187s | Total time=99.9s
Step 214/329 | Load err=4.3815e-07 | Res=5.6318e-08 | Iters=0 | Step time=0.500s | Total time=100.4s
Step 215/329 | Load err=1.0792e-06 | Res=9.8932e-08 | Iters=12 | Step time=1.616s | Total time=102.0s
Step 216/329 | Load err=1.5054e-04 | Res=1.3800e-05 | Iters=22 | Step time=2.363s | Total time=104.4s
Step 217/329 | Load err=2.9131e-08 | Res=5.3015e-08 | Iters=0 | Step time=0.652s | Total time=105.0s
Step 218/329 | Load err=3.1443e-08 | Res=2.0567e-08 | Iters=0 | Step time=1.085s | Total time=106.1s
Step 219/329 | Load err=2.5109e-07 | Res=2.3409e-08 | Iters=0 | Step time=1.090s | Total time=107.2s
Step 220/329 | Load err=1.4322e-07 | Res=1.3129e-08 | Iters=21 | Step time=0.746s | Total time=107.9s
Step 221/329 | Load err=1.7635e-06 | Res=3.4455e-05 | Iters=22 | Step time=2.303s | Total time=110.2s
Step 222/329 | Load err=7.4443e-07 | Res=6.9370e-08 | Iters=16 | Step time=1.058s | Total time=111.3s
Step 223/329 | Load err=9.5702e-07 | Res=9.6037e-08 | Iters=18 | Step time=1.122s | Total time=112.4s
Step 224/329 | Load err=6.9049e-07 | Res=6.3343e-08 | Iters=19 | Step time=0.810s | Total time=113.2s
Step 225/329 | Load err=1.0420e-07 | Res=4.7422e-08 | Iters=20 | Step time=1.192s | Total time=114.4s
Step 226/329 | Load err=8.4887e-07 | Res=7.9492e-08 | Iters=7 | Step time=2.037s | Total time=116.4s
Step 227/329 | Load err=6.3358e-08 | Res=5.8284e-09 | Iters=20 | Step time=1.197s | Total time=117.6s
Step 228/329 | Load err=8.3614e-07 | Res=7.7814e-08 | Iters=5 | Step time=0.158s | Total time=117.8s
Step 229/329 | Load err=3.9354e-07 | Res=5.9731e-08 | Iters=3 | Step time=0.094s | Total time=117.9s
Step 230/329 | Load err=8.6791e-07 | Res=7.9561e-08 | Iters=2 | Step time=0.064s | Total time=118.0s
Step 231/329 | Load err=7.3645e-07 | Res=7.9156e-08 | Iters=2 | Step time=0.063s | Total time=118.0s
Step 232/329 | Load err=5.2230e-08 | Res=5.0821e-09 | Iters=7 | Step time=0.221s | Total time=118.2s
Step 233/329 | Load err=6.7344e-08 | Res=4.8972e-08 | Iters=3 | Step time=0.095s | Total time=118.3s
Step 234/329 | Load err=2.5099e-07 | Res=2.3009e-08 | Iters=5 | Step time=0.159s | Total time=118.5s
Step 235/329 | Load err=3.0548e-07 | Res=2.8739e-08 | Iters=7 | Step time=0.222s | Total time=118.7s
Step 236/329 | Load err=3.7509e-07 | Res=3.4448e-08 | Iters=6 | Step time=0.192s | Total time=118.9s
Step 237/329 | Load err=1.7739e-08 | Res=6.3515e-09 | Iters=3 | Step time=0.096s | Total time=119.0s
Step 238/329 | Load err=2.6143e-07 | Res=9.4066e-08 | Iters=3 | Step time=0.096s | Total time=119.1s
Step 239/329 | Load err=3.7948e-07 | Res=3.6672e-08 | Iters=5 | Step time=0.159s | Total time=119.3s
Step 240/329 | Load err=2.3948e-07 | Res=2.9932e-08 | Iters=2 | Step time=0.064s | Total time=119.3s
Step 241/329 | Load err=5.4930e-07 | Res=5.3706e-08 | Iters=6 | Step time=0.190s | Total time=119.5s
Step 242/329 | Load err=9.3237e-07 | Res=9.5029e-08 | Iters=4 | Step time=0.127s | Total time=119.6s
Step 243/329 | Load err=6.1475e-08 | Res=1.1767e-08 | Iters=6 | Step time=0.191s | Total time=119.8s
Step 244/329 | Load err=9.1923e-07 | Res=9.8013e-08 | Iters=7 | Step time=0.222s | Total time=120.1s
Step 245/329 | Load err=4.2817e-07 | Res=7.4674e-08 | Iters=4 | Step time=0.127s | Total time=120.2s
Step 246/329 | Load err=6.2927e-07 | Res=5.7780e-08 | Iters=3 | Step time=0.095s | Total time=120.3s
Step 247/329 | Load err=7.9621e-07 | Res=7.3265e-08 | Iters=6 | Step time=0.191s | Total time=120.5s
Step 248/329 | Load err=1.5529e-07 | Res=3.5513e-08 | Iters=4 | Step time=0.127s | Total time=120.6s
Step 249/329 | Load err=5.9264e-08 | Res=4.1586e-08 | Iters=3 | Step time=0.096s | Total time=120.7s
Step 250/329 | Load err=4.9100e-07 | Res=5.0202e-08 | Iters=11 | Step time=0.353s | Total time=121.0s
Step 251/329 | Load err=1.0076e-06 | Res=9.2729e-08 | Iters=4 | Step time=0.126s | Total time=121.2s
Step 252/329 | Load err=9.3133e-07 | Res=8.9482e-08 | Iters=7 | Step time=0.222s | Total time=121.4s
Step 253/329 | Load err=8.9342e-07 | Res=9.4240e-08 | Iters=4 | Step time=0.128s | Total time=121.5s
Step 254/329 | Load err=7.4912e-07 | Res=8.2486e-08 | Iters=5 | Step time=0.158s | Total time=121.7s
Step 255/329 | Load err=2.7366e-07 | Res=5.2972e-08 | Iters=5 | Step time=0.158s | Total time=121.8s
Step 256/329 | Load err=3.4321e-07 | Res=3.1465e-08 | Iters=10 | Step time=0.320s | Total time=122.2s
Step 257/329 | Load err=6.3356e-07 | Res=5.8734e-08 | Iters=4 | Step time=0.128s | Total time=122.3s
Step 258/329 | Load err=5.8518e-07 | Res=5.7194e-08 | Iters=14 | Step time=0.452s | Total time=122.7s
Step 259/329 | Load err=7.8427e-07 | Res=7.7258e-08 | Iters=4 | Step time=0.129s | Total time=122.9s
Step 260/329 | Load err=5.5919e-07 | Res=5.1708e-08 | Iters=3 | Step time=0.096s | Total time=123.0s
Step 261/329 | Load err=9.2465e-07 | Res=8.5808e-08 | Iters=4 | Step time=0.127s | Total time=123.1s
Step 262/329 | Load err=6.4060e-07 | Res=6.1851e-08 | Iters=5 | Step time=0.159s | Total time=123.2s
Step 263/329 | Load err=3.5165e-07 | Res=3.2239e-08 | Iters=2 | Step time=0.064s | Total time=123.3s
Step 264/329 | Load err=7.8275e-07 | Res=7.4056e-08 | Iters=6 | Step time=0.191s | Total time=123.5s
Step 265/329 | Load err=4.1147e-07 | Res=3.7719e-08 | Iters=2 | Step time=0.064s | Total time=123.6s
Step 266/329 | Load err=1.3544e-07 | Res=1.2422e-08 | Iters=11 | Step time=0.353s | Total time=123.9s
Step 267/329 | Load err=7.5374e-08 | Res=3.9057e-08 | Iters=11 | Step time=0.353s | Total time=124.3s
Step 268/329 | Load err=5.1190e-07 | Res=4.6925e-08 | Iters=2 | Step time=0.064s | Total time=124.3s
Step 269/329 | Load err=6.2657e-08 | Res=6.3349e-08 | Iters=4 | Step time=0.127s | Total time=124.5s
Step 270/329 | Load err=3.7340e-07 | Res=3.9268e-08 | Iters=4 | Step time=0.127s | Total time=124.6s
Step 271/329 | Load err=2.8529e-07 | Res=2.6152e-08 | Iters=1 | Step time=1.329s | Total time=125.9s
Step 272/329 | Load err=1.8959e-07 | Res=3.4424e-08 | Iters=4 | Step time=0.127s | Total time=126.0s
Step 273/329 | Load err=9.9284e-07 | Res=9.3683e-08 | Iters=6 | Step time=0.190s | Total time=126.2s
Step 274/329 | Load err=2.2645e-07 | Res=2.0758e-08 | Iters=2 | Step time=0.064s | Total time=126.3s
Step 275/329 | Load err=8.2138e-07 | Res=8.1322e-08 | Iters=3 | Step time=0.095s | Total time=126.4s
Step 276/329 | Load err=3.2038e-07 | Res=3.0713e-08 | Iters=5 | Step time=0.159s | Total time=126.6s
Step 277/329 | Load err=2.1619e-07 | Res=2.3099e-08 | Iters=3 | Step time=0.096s | Total time=126.7s
Step 278/329 | Load err=4.5448e-07 | Res=4.4895e-08 | Iters=4 | Step time=0.127s | Total time=126.8s
Step 279/329 | Load err=2.6327e-07 | Res=2.6946e-08 | Iters=4 | Step time=0.129s | Total time=126.9s
Step 280/329 | Load err=1.5225e-07 | Res=1.6019e-08 | Iters=5 | Step time=0.160s | Total time=127.1s
Step 281/329 | Load err=5.4517e-07 | Res=5.0022e-08 | Iters=1 | Step time=0.032s | Total time=127.1s
Step 282/329 | Load err=8.0426e-07 | Res=7.4117e-08 | Iters=5 | Step time=0.158s | Total time=127.3s
Step 283/329 | Load err=6.0427e-07 | Res=5.7255e-08 | Iters=2 | Step time=0.063s | Total time=127.3s
Step 284/329 | Load err=9.4488e-07 | Res=8.6929e-08 | Iters=3 | Step time=0.095s | Total time=127.4s
Step 285/329 | Load err=3.9659e-07 | Res=3.6577e-08 | Iters=8 | Step time=0.254s | Total time=127.7s
Step 286/329 | Load err=4.6874e-07 | Res=4.3643e-08 | Iters=3 | Step time=0.096s | Total time=127.8s
Step 287/329 | Load err=2.7246e-07 | Res=2.6919e-08 | Iters=2 | Step time=0.064s | Total time=127.8s
Step 288/329 | Load err=3.7459e-07 | Res=3.5465e-08 | Iters=5 | Step time=0.159s | Total time=128.0s
Step 289/329 | Load err=1.0539e-06 | Res=9.6611e-08 | Iters=2 | Step time=0.064s | Total time=128.1s
Step 290/329 | Load err=5.2907e-07 | Res=4.8546e-08 | Iters=2 | Step time=0.064s | Total time=128.1s
Step 291/329 | Load err=5.8663e-07 | Res=5.4796e-08 | Iters=2 | Step time=0.064s | Total time=128.2s
Step 292/329 | Load err=8.5943e-07 | Res=7.8786e-08 | Iters=2 | Step time=0.064s | Total time=128.2s
Step 293/329 | Load err=3.8471e-07 | Res=3.5845e-08 | Iters=3 | Step time=0.096s | Total time=128.3s
Step 294/329 | Load err=4.6001e-07 | Res=4.2994e-08 | Iters=2 | Step time=0.064s | Total time=128.4s
Step 295/329 | Load err=9.4628e-07 | Res=8.7005e-08 | Iters=2 | Step time=0.064s | Total time=128.5s
Step 296/329 | Load err=7.9809e-07 | Res=7.3538e-08 | Iters=2 | Step time=0.064s | Total time=128.5s
Step 297/329 | Load err=1.7354e-07 | Res=1.6691e-08 | Iters=2 | Step time=0.064s | Total time=128.6s
Step 298/329 | Load err=2.6786e-07 | Res=2.4717e-08 | Iters=4 | Step time=0.128s | Total time=128.7s
Step 299/329 | Load err=3.6428e-07 | Res=3.3796e-08 | Iters=4 | Step time=0.127s | Total time=128.9s
Step 300/329 | Load err=3.1228e-08 | Res=3.7955e-09 | Iters=4 | Step time=0.126s | Total time=129.0s
Step 301/329 | Load err=5.6893e-07 | Res=5.2154e-08 | Iters=3 | Step time=0.095s | Total time=129.1s
Step 302/329 | Load err=7.4304e-07 | Res=6.8478e-08 | Iters=2 | Step time=0.063s | Total time=129.1s
Step 303/329 | Load err=1.0049e-08 | Res=5.2914e-09 | Iters=2 | Step time=0.063s | Total time=129.2s
Step 304/329 | Load err=5.9951e-07 | Res=5.5010e-08 | Iters=1 | Step time=0.032s | Total time=129.2s
Step 305/329 | Load err=3.6399e-07 | Res=3.3748e-08 | Iters=2 | Step time=0.063s | Total time=129.3s
Step 306/329 | Load err=2.6583e-08 | Res=3.1910e-09 | Iters=2 | Step time=0.063s | Total time=129.4s
Step 307/329 | Load err=3.9818e-07 | Res=3.6837e-08 | Iters=2 | Step time=0.063s | Total time=129.4s
Step 308/329 | Load err=8.4300e-08 | Res=8.0926e-09 | Iters=2 | Step time=0.063s | Total time=129.5s
Step 309/329 | Load err=2.0212e-07 | Res=1.9234e-08 | Iters=2 | Step time=0.063s | Total time=129.5s
Step 310/329 | Load err=1.1243e-07 | Res=1.0504e-08 | Iters=2 | Step time=0.063s | Total time=129.6s
Step 311/329 | Load err=1.1012e-07 | Res=1.1503e-08 | Iters=2 | Step time=0.063s | Total time=129.7s
Step 312/329 | Load err=2.4249e-08 | Res=3.2942e-09 | Iters=2 | Step time=0.063s | Total time=129.7s
Step 313/329 | Load err=2.8507e-07 | Res=2.6985e-08 | Iters=2 | Step time=0.063s | Total time=129.8s
Step 314/329 | Load err=7.3313e-08 | Res=7.0405e-09 | Iters=2 | Step time=0.063s | Total time=129.9s
Step 315/329 | Load err=4.3486e-07 | Res=4.0585e-08 | Iters=2 | Step time=0.063s | Total time=129.9s
Step 316/329 | Load err=4.7860e-09 | Res=2.5778e-09 | Iters=2 | Step time=0.063s | Total time=130.0s
Step 317/329 | Load err=5.2333e-07 | Res=4.8606e-08 | Iters=2 | Step time=0.063s | Total time=130.1s
Step 318/329 | Load err=5.7558e-08 | Res=5.7171e-09 | Iters=2 | Step time=0.063s | Total time=130.1s
Step 319/329 | Load err=4.9661e-07 | Res=4.6213e-08 | Iters=2 | Step time=0.063s | Total time=130.2s
Step 320/329 | Load err=5.2796e-09 | Res=2.6751e-09 | Iters=2 | Step time=0.063s | Total time=130.2s
Step 321/329 | Load err=3.7168e-07 | Res=3.4840e-08 | Iters=2 | Step time=0.063s | Total time=130.3s
Step 322/329 | Load err=1.2567e-07 | Res=1.1736e-08 | Iters=2 | Step time=0.063s | Total time=130.4s
Step 323/329 | Load err=2.8725e-07 | Res=2.7317e-08 | Iters=2 | Step time=0.064s | Total time=130.4s
Step 324/329 | Load err=8.7834e-08 | Res=8.4723e-09 | Iters=2 | Step time=0.063s | Total time=130.5s
Step 325/329 | Load err=1.0836e-06 | Res=9.9489e-08 | Iters=1 | Step time=0.032s | Total time=130.5s
Step 326/329 | Load err=1.2418e-07 | Res=1.1593e-08 | Iters=3 | Step time=0.095s | Total time=130.6s
Step 327/329 | Load err=1.9771e-07 | Res=1.8894e-08 | Iters=2 | Step time=0.064s | Total time=130.7s
Step 328/329 | Load err=4.2058e-08 | Res=4.7219e-09 | Iters=2 | Step time=0.064s | Total time=130.7s
Step 329/329 | Load err=8.2676e-07 | Res=7.5834e-08 | Iters=2 | Step time=0.064s | Total time=130.8s

============================================================
FINAL SUMMARY
============================================================
Total Runtime: 130.81 seconds
Average Load Error: 7.0317e-04
Max Load Error: 1.2219e-01
Average Step Time: 0.398 seconds
