Optimized EHL Solver Init
Step 1/329 | Load err=1.0138e-06 | Res=9.2939e-08 | Iters=9 | Step time=0.284s | Total time=0.3s
Step 2/329 | Load err=1.0014e-08 | Res=9.2749e-10 | Iters=7 | Step time=0.222s | Total time=0.5s
Step 3/329 | Load err=1.0557e-06 | Res=9.7929e-08 | Iters=2 | Step time=0.063s | Total time=0.6s
Step 4/329 | Load err=3.4923e-07 | Res=3.2161e-08 | Iters=2 | Step time=0.064s | Total time=0.6s
Step 5/329 | Load err=1.0463e-06 | Res=9.6125e-08 | Iters=2 | Step time=0.064s | Total time=0.7s
Step 6/329 | Load err=4.3132e-07 | Res=3.9623e-08 | Iters=2 | Step time=0.064s | Total time=0.8s
Step 7/329 | Load err=1.6596e-07 | Res=1.5686e-08 | Iters=2 | Step time=0.064s | Total time=0.8s
Step 8/329 | Load err=4.7246e-07 | Res=4.3326e-08 | Iters=3 | Step time=0.096s | Total time=0.9s
Step 9/329 | Load err=1.8297e-08 | Res=4.5611e-09 | Iters=2 | Step time=0.064s | Total time=1.0s
Step 10/329 | Load err=6.0542e-07 | Res=5.5720e-08 | Iters=2 | Step time=0.064s | Total time=1.0s
Step 11/329 | Load err=4.1173e-07 | Res=3.7766e-08 | Iters=2 | Step time=0.064s | Total time=1.1s
Step 12/329 | Load err=4.4072e-07 | Res=4.2696e-08 | Iters=2 | Step time=0.064s | Total time=1.2s
Step 13/329 | Load err=5.9332e-07 | Res=5.4586e-08 | Iters=2 | Step time=0.064s | Total time=1.2s
Step 14/329 | Load err=4.7251e-07 | Res=4.3362e-08 | Iters=2 | Step time=0.064s | Total time=1.3s
Step 15/329 | Load err=1.0161e-07 | Res=9.9654e-09 | Iters=4 | Step time=0.127s | Total time=1.4s
Step 16/329 | Load err=6.2894e-07 | Res=5.7691e-08 | Iters=3 | Step time=0.096s | Total time=1.5s
Step 17/329 | Load err=4.3452e-07 | Res=4.0421e-08 | Iters=2 | Step time=0.064s | Total time=1.6s
Step 18/329 | Load err=2.9132e-07 | Res=2.6846e-08 | Iters=2 | Step time=0.064s | Total time=1.7s
Step 19/329 | Load err=7.5060e-07 | Res=6.8853e-08 | Iters=2 | Step time=0.064s | Total time=1.7s
Step 20/329 | Load err=7.4563e-07 | Res=6.8389e-08 | Iters=3 | Step time=0.095s | Total time=1.8s
Step 21/329 | Load err=2.2881e-07 | Res=2.1157e-08 | Iters=2 | Step time=0.064s | Total time=1.9s
Step 22/329 | Load err=1.3292e-07 | Res=1.2364e-08 | Iters=2 | Step time=0.064s | Total time=1.9s
Step 23/329 | Load err=6.9928e-08 | Res=6.6809e-09 | Iters=2 | Step time=0.064s | Total time=2.0s
Step 24/329 | Load err=3.7202e-08 | Res=4.2367e-09 | Iters=2 | Step time=0.064s | Total time=2.1s
Step 25/329 | Load err=9.3739e-08 | Res=8.7600e-09 | Iters=2 | Step time=0.064s | Total time=2.1s
Step 26/329 | Load err=1.6295e-07 | Res=1.5095e-08 | Iters=2 | Step time=0.064s | Total time=2.2s
Step 27/329 | Load err=3.9363e-07 | Res=3.6163e-08 | Iters=1 | Step time=0.032s | Total time=2.2s
Step 28/329 | Load err=8.4041e-07 | Res=7.7149e-08 | Iters=2 | Step time=0.064s | Total time=2.3s
Step 29/329 | Load err=4.3666e-07 | Res=4.0107e-08 | Iters=2 | Step time=0.064s | Total time=2.4s
Step 30/329 | Load err=8.8035e-07 | Res=8.0825e-08 | Iters=2 | Step time=0.064s | Total time=2.4s
Step 31/329 | Load err=4.2120e-07 | Res=3.8715e-08 | Iters=2 | Step time=0.063s | Total time=2.5s
Step 32/329 | Load err=4.0845e-07 | Res=3.7545e-08 | Iters=3 | Step time=0.095s | Total time=2.6s
Step 33/329 | Load err=4.6688e-08 | Res=4.8584e-09 | Iters=2 | Step time=0.064s | Total time=2.6s
Step 34/329 | Load err=5.4536e-07 | Res=5.0118e-08 | Iters=3 | Step time=0.095s | Total time=2.7s
Step 35/329 | Load err=6.9040e-07 | Res=6.3384e-08 | Iters=4 | Step time=0.126s | Total time=2.9s
Step 36/329 | Load err=1.0183e-06 | Res=9.3400e-08 | Iters=3 | Step time=0.096s | Total time=3.0s
Step 37/329 | Load err=3.0256e-07 | Res=2.8437e-08 | Iters=2 | Step time=0.064s | Total time=3.0s
Step 38/329 | Load err=7.2108e-07 | Res=6.6260e-08 | Iters=3 | Step time=0.095s | Total time=3.1s
Step 39/329 | Load err=9.1691e-07 | Res=8.4158e-08 | Iters=3 | Step time=0.095s | Total time=3.2s
Step 40/329 | Load err=4.8639e-07 | Res=4.5256e-08 | Iters=2 | Step time=0.064s | Total time=3.3s
Step 41/329 | Load err=8.0601e-07 | Res=7.4111e-08 | Iters=3 | Step time=0.095s | Total time=3.4s
Step 42/329 | Load err=2.9009e-07 | Res=2.8057e-08 | Iters=4 | Step time=0.127s | Total time=3.5s
Step 43/329 | Load err=9.9720e-07 | Res=9.1632e-08 | Iters=4 | Step time=0.127s | Total time=3.6s
Step 44/329 | Load err=3.8854e-07 | Res=3.6414e-08 | Iters=4 | Step time=0.127s | Total time=3.8s
Step 45/329 | Load err=6.7136e-07 | Res=6.2016e-08 | Iters=4 | Step time=0.127s | Total time=3.9s
Step 46/329 | Load err=9.2969e-08 | Res=1.2502e-08 | Iters=4 | Step time=0.127s | Total time=4.0s
Step 47/329 | Load err=7.0602e-07 | Res=6.5343e-08 | Iters=4 | Step time=0.127s | Total time=4.1s
Step 48/329 | Load err=7.0067e-07 | Res=6.5188e-08 | Iters=3 | Step time=0.095s | Total time=4.2s
Step 49/329 | Load err=1.8643e-07 | Res=2.0401e-08 | Iters=6 | Step time=0.190s | Total time=4.4s
Step 50/329 | Load err=2.8725e-07 | Res=2.8765e-08 | Iters=2 | Step time=0.064s | Total time=4.5s
Step 51/329 | Load err=1.0154e-06 | Res=9.3085e-08 | Iters=1 | Step time=0.032s | Total time=4.5s
Step 52/329 | Load err=1.0471e-06 | Res=9.6454e-08 | Iters=3 | Step time=0.096s | Total time=4.6s
Step 53/329 | Load err=8.2483e-07 | Res=7.6074e-08 | Iters=4 | Step time=0.128s | Total time=4.7s
Step 54/329 | Load err=1.4891e-07 | Res=1.3704e-08 | Iters=2 | Step time=0.064s | Total time=4.8s
Step 55/329 | Load err=2.2940e-07 | Res=2.5013e-08 | Iters=7 | Step time=0.223s | Total time=5.0s
Step 56/329 | Load err=2.8427e-07 | Res=3.1172e-08 | Iters=4 | Step time=0.127s | Total time=5.2s
Step 57/329 | Load err=6.1875e-07 | Res=5.7257e-08 | Iters=4 | Step time=0.128s | Total time=5.3s
Step 58/329 | Load err=9.4984e-07 | Res=8.7360e-08 | Iters=3 | Step time=0.096s | Total time=5.4s
Step 59/329 | Load err=8.4361e-07 | Res=8.1135e-08 | Iters=4 | Step time=0.127s | Total time=5.5s
Step 60/329 | Load err=9.9846e-08 | Res=1.5631e-08 | Iters=8 | Step time=0.253s | Total time=5.8s
Step 61/329 | Load err=4.6438e-07 | Res=4.4212e-08 | Iters=3 | Step time=0.096s | Total time=5.9s
Step 62/329 | Load err=1.6119e-07 | Res=2.0434e-08 | Iters=3 | Step time=0.096s | Total time=5.9s
Step 63/329 | Load err=6.9899e-07 | Res=6.5063e-08 | Iters=3 | Step time=0.096s | Total time=6.0s
Step 64/329 | Load err=3.2878e-07 | Res=3.7324e-08 | Iters=5 | Step time=0.160s | Total time=6.2s
Step 65/329 | Load err=6.0504e-07 | Res=5.8246e-08 | Iters=9 | Step time=0.287s | Total time=6.5s
Step 66/329 | Load err=2.3350e-07 | Res=2.7012e-08 | Iters=3 | Step time=0.097s | Total time=6.6s
Step 67/329 | Load err=1.1718e-07 | Res=1.5941e-08 | Iters=5 | Step time=0.161s | Total time=6.7s
Step 68/329 | Load err=2.3019e-07 | Res=2.4227e-08 | Iters=4 | Step time=0.129s | Total time=6.9s
Step 69/329 | Load err=7.2831e-07 | Res=7.1083e-08 | Iters=4 | Step time=0.129s | Total time=7.0s
Step 70/329 | Load err=9.4323e-07 | Res=8.7475e-08 | Iters=4 | Step time=0.128s | Total time=7.1s
Step 71/329 | Load err=1.9509e-07 | Res=2.1121e-08 | Iters=4 | Step time=0.129s | Total time=7.3s
Step 72/329 | Load err=9.4465e-07 | Res=8.9144e-08 | Iters=5 | Step time=0.160s | Total time=7.4s
Step 73/329 | Load err=5.2634e-07 | Res=4.9817e-08 | Iters=3 | Step time=0.097s | Total time=7.5s
Step 74/329 | Load err=9.4041e-07 | Res=9.2671e-08 | Iters=2 | Step time=0.064s | Total time=7.6s
Step 75/329 | Load err=2.7830e-07 | Res=5.9488e-08 | Iters=4 | Step time=0.127s | Total time=7.7s
Step 76/329 | Load err=5.0566e-07 | Res=5.2379e-08 | Iters=3 | Step time=0.095s | Total time=7.8s
Step 77/329 | Load err=1.0485e-07 | Res=2.5122e-08 | Iters=4 | Step time=0.127s | Total time=7.9s
Step 78/329 | Load err=3.9841e-07 | Res=4.2157e-08 | Iters=2 | Step time=0.064s | Total time=8.0s
Step 79/329 | Load err=2.3325e-07 | Res=3.8254e-08 | Iters=4 | Step time=0.128s | Total time=8.1s
Step 80/329 | Load err=1.0588e-06 | Res=9.9442e-08 | Iters=2 | Step time=0.064s | Total time=8.2s
Step 81/329 | Load err=4.8408e-07 | Res=4.8304e-08 | Iters=5 | Step time=0.159s | Total time=8.3s
Step 82/329 | Load err=2.8170e-07 | Res=3.2386e-08 | Iters=3 | Step time=0.096s | Total time=8.4s
Step 83/329 | Load err=2.2029e-07 | Res=3.2651e-08 | Iters=5 | Step time=0.159s | Total time=8.6s
Step 84/329 | Load err=8.7402e-07 | Res=9.0460e-08 | Iters=4 | Step time=0.127s | Total time=8.7s
Step 85/329 | Load err=2.0214e-07 | Res=2.8790e-08 | Iters=4 | Step time=0.128s | Total time=8.9s
Step 86/329 | Load err=8.8549e-07 | Res=8.9665e-08 | Iters=2 | Step time=0.064s | Total time=8.9s
Step 87/329 | Load err=8.5874e-07 | Res=7.8749e-08 | Iters=3 | Step time=0.095s | Total time=9.0s
Step 88/329 | Load err=5.4866e-08 | Res=3.4159e-08 | Iters=3 | Step time=0.095s | Total time=9.1s
Step 89/329 | Load err=6.3679e-08 | Res=6.6324e-08 | Iters=2 | Step time=0.063s | Total time=9.2s
Step 90/329 | Load err=9.5246e-07 | Res=8.7312e-08 | Iters=3 | Step time=0.095s | Total time=9.3s
Step 91/329 | Load err=4.3061e-07 | Res=3.9492e-08 | Iters=2 | Step time=0.064s | Total time=9.3s
Step 92/329 | Load err=2.7752e-07 | Res=7.2264e-08 | Iters=2 | Step time=0.064s | Total time=9.4s
Step 93/329 | Load err=6.9393e-07 | Res=7.4243e-08 | Iters=2 | Step time=0.064s | Total time=9.5s
Step 94/329 | Load err=4.9591e-08 | Res=5.5278e-08 | Iters=3 | Step time=0.095s | Total time=9.6s
Step 95/329 | Load err=8.8636e-07 | Res=8.7308e-08 | Iters=2 | Step time=0.063s | Total time=9.6s
Step 96/329 | Load err=4.9401e-08 | Res=8.1660e-08 | Iters=3 | Step time=0.095s | Total time=9.7s
Step 97/329 | Load err=1.1609e-07 | Res=4.3983e-08 | Iters=3 | Step time=0.095s | Total time=9.8s
Step 98/329 | Load err=1.0404e-07 | Res=5.6857e-08 | Iters=3 | Step time=0.095s | Total time=9.9s
Step 99/329 | Load err=8.2764e-08 | Res=2.5765e-08 | Iters=3 | Step time=0.095s | Total time=10.0s
Step 100/329 | Load err=5.2179e-08 | Res=7.5604e-09 | Iters=3 | Step time=0.094s | Total time=10.1s
Step 101/329 | Load err=3.2245e-08 | Res=3.0240e-09 | Iters=3 | Step time=0.094s | Total time=10.2s
Step 102/329 | Load err=8.8923e-09 | Res=8.1516e-10 | Iters=3 | Step time=0.094s | Total time=10.3s
Step 103/329 | Load err=9.4012e-07 | Res=8.6181e-08 | Iters=2 | Step time=0.063s | Total time=10.3s
Step 104/329 | Load err=9.4377e-07 | Res=8.6515e-08 | Iters=2 | Step time=0.063s | Total time=10.4s
Step 105/329 | Load err=8.9381e-07 | Res=8.1947e-08 | Iters=2 | Step time=0.063s | Total time=10.5s
Step 106/329 | Load err=6.6656e-07 | Res=8.4835e-08 | Iters=10 | Step time=0.315s | Total time=10.8s
Step 107/329 | Load err=9.6093e-07 | Res=7.6995e+00 | Iters=15 | Step time=0.945s | Total time=11.7s
Step 108/329 | Load err=7.2619e-02 | Res=2.6462e-01 | Iters=12 | Step time=0.945s | Total time=12.7s
Step 109/329 | Load err=1.6654e-01 | Res=2.2510e-01 | Iters=0 | Step time=0.561s | Total time=13.2s
Step 110/329 | Load err=8.3420e-04 | Res=7.6482e-05 | Iters=15 | Step time=1.439s | Total time=14.7s
Step 111/329 | Load err=6.6680e-08 | Res=6.1195e-09 | Iters=5 | Step time=0.156s | Total time=14.8s
Step 112/329 | Load err=4.1513e-07 | Res=3.8109e-08 | Iters=3 | Step time=0.094s | Total time=14.9s
Step 113/329 | Load err=4.0511e-08 | Res=1.1642e-08 | Iters=7 | Step time=0.219s | Total time=15.1s
Step 114/329 | Load err=6.4035e-08 | Res=7.8025e-08 | Iters=7 | Step time=0.218s | Total time=15.4s
Step 115/329 | Load err=1.6872e-06 | Res=3.4137e-06 | Iters=15 | Step time=1.405s | Total time=16.8s
Step 116/329 | Load err=8.2489e-07 | Res=8.1519e-03 | Iters=15 | Step time=1.818s | Total time=18.6s
Step 117/329 | Load err=9.6215e-05 | Res=2.2639e+02 | Iters=15 | Step time=1.002s | Total time=19.6s
Step 118/329 | Load err=2.1636e-03 | Res=2.8182e-02 | Iters=12 | Step time=0.591s | Total time=20.2s
Step 119/329 | Load err=4.1985e-09 | Res=3.9109e-10 | Iters=4 | Step time=0.622s | Total time=20.8s
Step 120/329 | Load err=2.4253e-08 | Res=2.2233e-09 | Iters=5 | Step time=0.158s | Total time=21.0s
Step 121/329 | Load err=6.0296e-07 | Res=5.5357e-08 | Iters=3 | Step time=1.502s | Total time=22.5s
Step 122/329 | Load err=9.8935e-07 | Res=9.0699e-08 | Iters=3 | Step time=0.096s | Total time=22.6s
Step 123/329 | Load err=4.2007e-04 | Res=3.8508e-05 | Iters=15 | Step time=1.820s | Total time=24.4s
Step 124/329 | Load err=6.1527e-09 | Res=1.8919e-08 | Iters=5 | Step time=0.157s | Total time=24.5s
Step 125/329 | Load err=4.4371e-09 | Res=6.7141e-08 | Iters=4 | Step time=0.125s | Total time=24.7s
Step 126/329 | Load err=7.8782e-09 | Res=3.1554e-08 | Iters=3 | Step time=0.094s | Total time=24.8s
Step 127/329 | Load err=8.4176e-07 | Res=7.7172e-08 | Iters=0 | Step time=0.253s | Total time=25.0s
Step 128/329 | Load err=1.0279e-06 | Res=9.4226e-08 | Iters=12 | Step time=0.378s | Total time=25.4s
Step 129/329 | Load err=7.0991e-07 | Res=6.5080e-08 | Iters=11 | Step time=0.815s | Total time=26.2s
Step 130/329 | Load err=5.0225e-06 | Res=6.5675e-05 | Iters=15 | Step time=1.035s | Total time=27.2s
Step 131/329 | Load err=4.8980e-04 | Res=4.4901e-05 | Iters=15 | Step time=1.305s | Total time=28.5s
Step 132/329 | Load err=3.1398e-08 | Res=3.3536e-09 | Iters=0 | Step time=0.155s | Total time=28.7s
Step 133/329 | Load err=4.0641e-07 | Res=9.0390e-08 | Iters=3 | Step time=0.094s | Total time=28.8s
Step 134/329 | Load err=2.9230e-07 | Res=6.3041e-08 | Iters=0 | Step time=0.063s | Total time=28.8s
Step 135/329 | Load err=6.4614e-07 | Res=9.7800e-08 | Iters=7 | Step time=0.220s | Total time=29.1s
Step 136/329 | Load err=5.6916e-07 | Res=5.2175e-08 | Iters=10 | Step time=0.312s | Total time=29.4s
Step 137/329 | Load err=9.2485e-07 | Res=2.3187e-06 | Iters=15 | Step time=1.028s | Total time=30.4s
Step 138/329 | Load err=4.2155e-04 | Res=3.8652e-05 | Iters=15 | Step time=0.936s | Total time=31.3s
Step 139/329 | Load err=4.6194e-07 | Res=4.2407e-08 | Iters=4 | Step time=0.124s | Total time=31.5s
Step 140/329 | Load err=1.1106e-07 | Res=5.5096e-08 | Iters=3 | Step time=0.093s | Total time=31.6s
Step 141/329 | Load err=5.7003e-07 | Res=5.2403e-08 | Iters=2 | Step time=0.062s | Total time=31.6s
Step 142/329 | Load err=1.4604e-07 | Res=2.9501e-08 | Iters=6 | Step time=0.187s | Total time=31.8s
Step 143/329 | Load err=9.4132e-08 | Res=1.3176e-08 | Iters=4 | Step time=0.124s | Total time=31.9s
Step 144/329 | Load err=8.9019e-04 | Res=8.1604e-05 | Iters=15 | Step time=0.539s | Total time=32.5s
Step 145/329 | Load err=9.5139e-08 | Res=8.7223e-09 | Iters=8 | Step time=0.248s | Total time=32.7s
Step 146/329 | Load err=7.5530e-07 | Res=9.8546e-08 | Iters=4 | Step time=0.124s | Total time=32.8s
Step 147/329 | Load err=1.5640e-07 | Res=8.2053e-08 | Iters=3 | Step time=0.093s | Total time=32.9s
Step 148/329 | Load err=5.0754e-07 | Res=9.8509e-08 | Iters=4 | Step time=0.125s | Total time=33.1s
Step 149/329 | Load err=5.4808e-08 | Res=6.0381e-08 | Iters=2 | Step time=0.062s | Total time=33.1s
Step 150/329 | Load err=1.4870e-07 | Res=1.3954e-08 | Iters=5 | Step time=0.156s | Total time=33.3s
Step 151/329 | Load err=6.6213e-04 | Res=6.0698e-05 | Iters=15 | Step time=0.939s | Total time=34.2s
Step 152/329 | Load err=3.4419e-05 | Res=3.1553e-06 | Iters=15 | Step time=0.477s | Total time=34.7s
Step 153/329 | Load err=9.2655e-10 | Res=1.4185e-09 | Iters=4 | Step time=0.124s | Total time=34.8s
Step 154/329 | Load err=1.9146e-08 | Res=6.4866e-08 | Iters=3 | Step time=0.093s | Total time=34.9s
Step 155/329 | Load err=2.8797e-07 | Res=5.1894e-08 | Iters=2 | Step time=0.063s | Total time=35.0s
Step 156/329 | Load err=3.4972e-08 | Res=7.3490e-08 | Iters=4 | Step time=0.125s | Total time=35.1s
Step 157/329 | Load err=4.9137e-08 | Res=6.5306e-08 | Iters=4 | Step time=0.125s | Total time=35.2s
Step 158/329 | Load err=9.1533e-04 | Res=8.3908e-05 | Iters=15 | Step time=0.947s | Total time=36.2s
Step 159/329 | Load err=7.2684e-08 | Res=6.6640e-09 | Iters=8 | Step time=0.248s | Total time=36.4s
Step 160/329 | Load err=1.0032e-08 | Res=3.4767e-09 | Iters=5 | Step time=0.156s | Total time=36.6s
Step 161/329 | Load err=1.7106e-08 | Res=1.5064e-08 | Iters=4 | Step time=0.124s | Total time=36.7s
Step 162/329 | Load err=4.0524e-09 | Res=8.3002e-09 | Iters=4 | Step time=0.125s | Total time=36.8s
Step 163/329 | Load err=1.4322e-07 | Res=1.4975e-08 | Iters=2 | Step time=0.063s | Total time=36.9s
Step 164/329 | Load err=4.9560e-08 | Res=9.2639e-08 | Iters=3 | Step time=0.094s | Total time=37.0s
Step 165/329 | Load err=4.6737e-04 | Res=4.2849e-05 | Iters=15 | Step time=0.940s | Total time=37.9s
Step 166/329 | Load err=2.3485e-09 | Res=2.1656e-09 | Iters=5 | Step time=0.155s | Total time=38.1s
Step 167/329 | Load err=4.1937e-09 | Res=2.7738e-08 | Iters=5 | Step time=0.155s | Total time=38.2s
Step 168/329 | Load err=4.1589e-08 | Res=3.8126e-09 | Iters=4 | Step time=0.125s | Total time=38.4s
Step 169/329 | Load err=1.2324e-08 | Res=1.1406e-09 | Iters=4 | Step time=0.125s | Total time=38.5s
Step 170/329 | Load err=9.5736e-07 | Res=8.7761e-08 | Iters=9 | Step time=0.283s | Total time=38.8s
Step 171/329 | Load err=5.5244e-04 | Res=5.0642e-05 | Iters=15 | Step time=0.829s | Total time=39.6s
Step 172/329 | Load err=1.6427e-07 | Res=1.5059e-08 | Iters=8 | Step time=0.248s | Total time=39.8s
Step 173/329 | Load err=1.6460e-08 | Res=1.5089e-09 | Iters=5 | Step time=0.156s | Total time=40.0s
Step 174/329 | Load err=2.9777e-09 | Res=1.1414e-08 | Iters=4 | Step time=0.124s | Total time=40.1s
Step 175/329 | Load err=5.5173e-09 | Res=1.5137e-08 | Iters=4 | Step time=0.125s | Total time=40.3s
Step 176/329 | Load err=6.6086e-07 | Res=9.7023e-08 | Iters=2 | Step time=0.063s | Total time=40.3s
Step 177/329 | Load err=4.7008e-07 | Res=4.4133e-08 | Iters=5 | Step time=0.157s | Total time=40.5s
Step 178/329 | Load err=6.1237e-07 | Res=6.1133e-08 | Iters=5 | Step time=0.159s | Total time=40.6s
Step 179/329 | Load err=9.2505e-05 | Res=8.4800e-06 | Iters=15 | Step time=1.908s | Total time=42.5s
Step 180/329 | Load err=2.3086e-08 | Res=8.2370e-09 | Iters=5 | Step time=0.157s | Total time=42.7s
Step 181/329 | Load err=1.6521e-08 | Res=4.6957e-08 | Iters=5 | Step time=0.158s | Total time=42.9s
Step 182/329 | Load err=7.2392e-08 | Res=1.5048e-08 | Iters=3 | Step time=0.095s | Total time=42.9s
Step 183/329 | Load err=8.3870e-04 | Res=7.6883e-05 | Iters=15 | Step time=0.952s | Total time=43.9s
Step 184/329 | Load err=8.5268e-08 | Res=7.8165e-09 | Iters=8 | Step time=0.250s | Total time=44.2s
Step 185/329 | Load err=1.0439e-09 | Res=8.1395e-09 | Iters=5 | Step time=0.156s | Total time=44.3s
Step 186/329 | Load err=8.0372e-08 | Res=6.2446e-08 | Iters=3 | Step time=0.093s | Total time=44.4s
Step 187/329 | Load err=7.7687e-07 | Res=7.2874e-08 | Iters=2 | Step time=0.062s | Total time=44.5s
Step 188/329 | Load err=2.6549e-08 | Res=1.4606e-08 | Iters=4 | Step time=0.125s | Total time=44.6s
Step 189/329 | Load err=7.7508e-07 | Res=9.7175e-08 | Iters=15 | Step time=0.471s | Total time=45.1s
Step 190/329 | Load err=5.0417e-04 | Res=4.6218e-05 | Iters=15 | Step time=0.934s | Total time=46.0s
Step 191/329 | Load err=5.6356e-08 | Res=7.4196e-08 | Iters=5 | Step time=0.154s | Total time=46.1s
Step 192/329 | Load err=5.9205e-08 | Res=9.8430e-09 | Iters=4 | Step time=0.124s | Total time=46.3s
Step 193/329 | Load err=8.3050e-09 | Res=8.8053e-10 | Iters=5 | Step time=0.156s | Total time=46.4s
Step 194/329 | Load err=9.9618e-04 | Res=9.1319e-05 | Iters=15 | Step time=0.937s | Total time=47.4s
Step 195/329 | Load err=2.5626e-08 | Res=2.3492e-09 | Iters=7 | Step time=0.217s | Total time=47.6s
Step 196/329 | Load err=2.1875e-09 | Res=2.2923e-09 | Iters=5 | Step time=0.155s | Total time=47.7s
Step 197/329 | Load err=2.8181e-08 | Res=1.5342e-08 | Iters=4 | Step time=0.124s | Total time=47.9s
Step 198/329 | Load err=5.5111e-07 | Res=5.1011e-08 | Iters=2 | Step time=0.062s | Total time=47.9s
Step 199/329 | Load err=3.4028e-04 | Res=3.1201e-05 | Iters=15 | Step time=0.936s | Total time=48.9s
Step 200/329 | Load err=3.3150e-08 | Res=2.3763e-08 | Iters=5 | Step time=0.155s | Total time=49.0s
Step 201/329 | Load err=5.1990e-09 | Res=1.8209e-08 | Iters=5 | Step time=0.154s | Total time=49.2s
Step 202/329 | Load err=1.8621e-08 | Res=1.7082e-09 | Iters=5 | Step time=0.155s | Total time=49.3s
Step 203/329 | Load err=3.2226e-04 | Res=2.9549e-05 | Iters=15 | Step time=0.775s | Total time=50.1s
Step 204/329 | Load err=2.9103e-08 | Res=2.7234e-09 | Iters=5 | Step time=0.154s | Total time=50.3s
Step 205/329 | Load err=1.3175e-07 | Res=3.5781e-08 | Iters=3 | Step time=0.093s | Total time=50.3s
Step 206/329 | Load err=8.1305e-09 | Res=1.3108e-08 | Iters=3 | Step time=0.093s | Total time=50.4s
Step 207/329 | Load err=1.5443e-07 | Res=1.4168e-08 | Iters=7 | Step time=0.219s | Total time=50.7s
Step 208/329 | Load err=1.9460e-07 | Res=1.7840e-08 | Iters=7 | Step time=1.616s | Total time=52.3s
Step 209/329 | Load err=8.2898e-06 | Res=3.0960e-02 | Iters=15 | Step time=1.863s | Total time=54.1s
Step 210/329 | Load err=1.4744e-02 | Res=4.1962e-02 | Iters=8 | Step time=1.683s | Total time=55.8s
Step 211/329 | Load err=1.1499e-07 | Res=1.0542e-08 | Iters=2 | Step time=1.026s | Total time=56.8s
Step 212/329 | Load err=8.2244e-08 | Res=8.8336e-08 | Iters=8 | Step time=0.250s | Total time=57.1s
Step 213/329 | Load err=7.5195e-08 | Res=6.8964e-09 | Iters=0 | Step time=0.343s | Total time=57.4s
Step 214/329 | Load err=6.8824e-07 | Res=6.3091e-08 | Iters=6 | Step time=0.188s | Total time=57.6s
Step 215/329 | Load err=2.5100e-05 | Res=2.3571e-06 | Iters=15 | Step time=1.247s | Total time=58.9s
Step 216/329 | Load err=4.6309e-04 | Res=4.2451e-05 | Iters=15 | Step time=1.875s | Total time=60.7s
Step 217/329 | Load err=7.1274e-08 | Res=2.2446e-08 | Iters=0 | Step time=0.156s | Total time=60.9s
Step 218/329 | Load err=5.0027e-09 | Res=8.3920e-08 | Iters=3 | Step time=0.094s | Total time=61.0s
Step 219/329 | Load err=1.1194e-08 | Res=1.5215e-08 | Iters=0 | Step time=0.156s | Total time=61.2s
Step 220/329 | Load err=5.7372e-09 | Res=1.0629e-08 | Iters=0 | Step time=0.158s | Total time=61.3s
Step 221/329 | Load err=2.9587e-07 | Res=9.7112e-08 | Iters=3 | Step time=0.094s | Total time=61.4s
Step 222/329 | Load err=3.9090e-06 | Res=4.7635e-07 | Iters=15 | Step time=0.937s | Total time=62.3s
Step 223/329 | Load err=6.8550e-05 | Res=5.2592e-01 | Iters=15 | Step time=0.939s | Total time=63.3s
Step 224/329 | Load err=8.6883e-07 | Res=9.0064e-08 | Iters=13 | Step time=0.877s | Total time=64.2s
Step 225/329 | Load err=3.6450e-02 | Res=5.7735e-02 | Iters=1 | Step time=0.593s | Total time=64.8s
Step 226/329 | Load err=7.1547e-02 | Res=7.4293e-02 | Iters=0 | Step time=0.564s | Total time=65.3s
Step 227/329 | Load err=1.9147e-01 | Res=9.2697e-02 | Iters=0 | Step time=0.564s | Total time=65.9s
Step 228/329 | Load err=3.2268e-01 | Res=1.1307e-01 | Iters=0 | Step time=0.565s | Total time=66.4s
Step 229/329 | Load err=4.6689e-01 | Res=1.3554e-01 | Iters=0 | Step time=0.567s | Total time=67.0s
Step 230/329 | Load err=6.2478e-01 | Res=1.6022e-01 | Iters=0 | Step time=0.569s | Total time=67.6s
Step 231/329 | Load err=7.9725e-01 | Res=1.8725e-01 | Iters=0 | Step time=0.574s | Total time=68.2s
Step 232/329 | Load err=9.8430e-01 | Res=2.1673e-01 | Iters=0 | Step time=0.575s | Total time=68.7s
Step 233/329 | Load err=1.1867e+00 | Res=2.4878e-01 | Iters=0 | Step time=0.575s | Total time=69.3s
Step 234/329 | Load err=1.4050e+00 | Res=2.8349e-01 | Iters=0 | Step time=0.574s | Total time=69.9s
Step 235/329 | Load err=1.6391e+00 | Res=3.2094e-01 | Iters=0 | Step time=0.576s | Total time=70.5s
Step 236/329 | Load err=1.8897e+00 | Res=3.6120e-01 | Iters=0 | Step time=0.577s | Total time=71.0s
Step 237/329 | Load err=2.1569e+00 | Res=4.0429e-01 | Iters=0 | Step time=0.577s | Total time=71.6s
Step 238/329 | Load err=1.3074e-03 | Res=1.1985e-04 | Iters=15 | Step time=1.485s | Total time=73.1s
Step 239/329 | Load err=2.5330e-07 | Res=2.3377e-08 | Iters=3 | Step time=0.096s | Total time=73.2s
Step 240/329 | Load err=1.3493e-07 | Res=4.2921e-08 | Iters=0 | Step time=0.096s | Total time=73.3s
Step 241/329 | Load err=2.9908e-07 | Res=2.7556e-08 | Iters=4 | Step time=0.129s | Total time=73.4s
Step 242/329 | Load err=9.1453e-07 | Res=8.3847e-08 | Iters=2 | Step time=0.065s | Total time=73.5s
Step 243/329 | Load err=5.3940e-09 | Res=8.1701e-08 | Iters=0 | Step time=0.191s | Total time=73.7s
Step 244/329 | Load err=9.6482e-08 | Res=9.1800e-08 | Iters=4 | Step time=0.127s | Total time=73.8s
Step 245/329 | Load err=5.6972e-07 | Res=9.9486e-08 | Iters=5 | Step time=0.159s | Total time=74.0s
Step 246/329 | Load err=4.7774e-07 | Res=8.2659e-08 | Iters=9 | Step time=0.285s | Total time=74.2s
Step 247/329 | Load err=3.4136e-07 | Res=8.0369e-08 | Iters=4 | Step time=0.127s | Total time=74.4s
Step 248/329 | Load err=7.9970e-08 | Res=7.3797e-08 | Iters=5 | Step time=0.160s | Total time=74.5s
Step 249/329 | Load err=4.1965e-08 | Res=4.8359e-08 | Iters=3 | Step time=0.096s | Total time=74.6s
Step 250/329 | Load err=4.4295e-07 | Res=5.7742e-08 | Iters=3 | Step time=0.095s | Total time=74.7s
Step 251/329 | Load err=4.4455e-08 | Res=5.5375e-08 | Iters=4 | Step time=0.127s | Total time=74.8s
Step 252/329 | Load err=7.9446e-07 | Res=9.0345e-08 | Iters=4 | Step time=0.127s | Total time=75.0s
Step 253/329 | Load err=7.7133e-07 | Res=8.2712e-08 | Iters=5 | Step time=0.159s | Total time=75.1s
Step 254/329 | Load err=5.7813e-07 | Res=5.6054e-08 | Iters=5 | Step time=0.160s | Total time=75.3s
Step 255/329 | Load err=8.4446e-07 | Res=8.4498e-08 | Iters=9 | Step time=0.287s | Total time=75.6s
Step 256/329 | Load err=3.5940e-07 | Res=3.6894e-08 | Iters=3 | Step time=0.096s | Total time=75.7s
Step 257/329 | Load err=3.5862e-07 | Res=4.3953e-08 | Iters=3 | Step time=0.096s | Total time=75.8s
Step 258/329 | Load err=7.0147e-07 | Res=7.1821e-08 | Iters=4 | Step time=0.127s | Total time=75.9s
Step 259/329 | Load err=9.7559e-07 | Res=9.1792e-08 | Iters=7 | Step time=0.224s | Total time=76.1s
Step 260/329 | Load err=4.2212e-07 | Res=3.8705e-08 | Iters=2 | Step time=0.064s | Total time=76.2s
Step 261/329 | Load err=9.5376e-07 | Res=9.2488e-08 | Iters=5 | Step time=0.160s | Total time=76.3s
Step 262/329 | Load err=7.6801e-07 | Res=7.1907e-08 | Iters=4 | Step time=0.128s | Total time=76.5s
Step 263/329 | Load err=1.4047e-08 | Res=1.1298e-08 | Iters=3 | Step time=0.096s | Total time=76.6s
Step 264/329 | Load err=1.6497e-07 | Res=2.3352e-08 | Iters=3 | Step time=0.096s | Total time=76.7s
Step 265/329 | Load err=3.9205e-07 | Res=3.6014e-08 | Iters=11 | Step time=0.355s | Total time=77.0s
Step 266/329 | Load err=3.6940e-07 | Res=3.6792e-08 | Iters=10 | Step time=0.318s | Total time=77.3s
Step 267/329 | Load err=9.7337e-07 | Res=9.0534e-08 | Iters=3 | Step time=0.096s | Total time=77.4s
Step 268/329 | Load err=9.2110e-07 | Res=8.6934e-08 | Iters=3 | Step time=0.096s | Total time=77.5s
Step 269/329 | Load err=4.7070e-07 | Res=4.7927e-08 | Iters=6 | Step time=0.192s | Total time=77.7s
Step 270/329 | Load err=6.2316e-07 | Res=5.9033e-08 | Iters=2 | Step time=0.064s | Total time=77.8s
Step 271/329 | Load err=2.3929e-07 | Res=2.9028e-08 | Iters=9 | Step time=0.287s | Total time=78.1s
Step 272/329 | Load err=3.2818e-07 | Res=3.2846e-08 | Iters=5 | Step time=0.160s | Total time=78.2s
Step 273/329 | Load err=1.7985e-08 | Res=1.7908e-08 | Iters=4 | Step time=0.127s | Total time=78.4s
Step 274/329 | Load err=7.7784e-07 | Res=7.3012e-08 | Iters=4 | Step time=0.127s | Total time=78.5s
Step 275/329 | Load err=4.0799e-07 | Res=4.1387e-08 | Iters=4 | Step time=0.128s | Total time=78.6s
Step 276/329 | Load err=3.0329e-07 | Res=2.9044e-08 | Iters=4 | Step time=0.128s | Total time=78.7s
Step 277/329 | Load err=1.0542e-06 | Res=9.7334e-08 | Iters=7 | Step time=0.224s | Total time=79.0s
Step 278/329 | Load err=1.4767e-07 | Res=1.5896e-08 | Iters=3 | Step time=0.096s | Total time=79.1s
Step 279/329 | Load err=3.5320e-07 | Res=3.5840e-08 | Iters=7 | Step time=0.224s | Total time=79.3s
Step 280/329 | Load err=9.4424e-07 | Res=8.8051e-08 | Iters=1 | Step time=0.032s | Total time=79.3s
Step 281/329 | Load err=2.2771e-07 | Res=2.3769e-08 | Iters=2 | Step time=0.064s | Total time=79.4s
Step 282/329 | Load err=4.9888e-07 | Res=4.6434e-08 | Iters=7 | Step time=0.225s | Total time=79.6s
Step 283/329 | Load err=7.8017e-07 | Res=7.1755e-08 | Iters=4 | Step time=0.128s | Total time=79.7s
Step 284/329 | Load err=2.6996e-07 | Res=2.4819e-08 | Iters=4 | Step time=0.127s | Total time=79.9s
Step 285/329 | Load err=8.2312e-07 | Res=7.5801e-08 | Iters=4 | Step time=0.127s | Total time=80.0s
Step 286/329 | Load err=6.2216e-07 | Res=5.8323e-08 | Iters=2 | Step time=0.064s | Total time=80.1s
Step 287/329 | Load err=5.2158e-07 | Res=4.9279e-08 | Iters=5 | Step time=0.159s | Total time=80.2s
Step 288/329 | Load err=8.6354e-07 | Res=7.9226e-08 | Iters=4 | Step time=0.127s | Total time=80.3s
Step 289/329 | Load err=9.6993e-07 | Res=8.9434e-08 | Iters=5 | Step time=0.160s | Total time=80.5s
Step 290/329 | Load err=4.0413e-07 | Res=3.7421e-08 | Iters=3 | Step time=0.096s | Total time=80.6s
Step 291/329 | Load err=8.1842e-07 | Res=7.5211e-08 | Iters=3 | Step time=0.096s | Total time=80.7s
Step 292/329 | Load err=1.0534e-07 | Res=9.7765e-09 | Iters=7 | Step time=0.227s | Total time=80.9s
Step 293/329 | Load err=5.4383e-07 | Res=5.0496e-08 | Iters=5 | Step time=0.161s | Total time=81.1s
Step 294/329 | Load err=3.0905e-07 | Res=2.8506e-08 | Iters=2 | Step time=0.064s | Total time=81.1s
Step 295/329 | Load err=1.1199e-07 | Res=1.5868e-08 | Iters=2 | Step time=0.064s | Total time=81.2s
Step 296/329 | Load err=8.3187e-09 | Res=5.4410e-09 | Iters=2 | Step time=0.064s | Total time=81.3s
Step 297/329 | Load err=4.0602e-07 | Res=3.7554e-08 | Iters=2 | Step time=0.064s | Total time=81.3s
Step 298/329 | Load err=2.1115e-07 | Res=1.9365e-08 | Iters=4 | Step time=0.127s | Total time=81.5s
Step 299/329 | Load err=1.3694e-07 | Res=1.2588e-08 | Iters=3 | Step time=0.096s | Total time=81.6s
Step 300/329 | Load err=3.2411e-07 | Res=2.9767e-08 | Iters=3 | Step time=0.095s | Total time=81.7s
Step 301/329 | Load err=8.7552e-08 | Res=8.6780e-09 | Iters=4 | Step time=0.126s | Total time=81.8s
Step 302/329 | Load err=9.0435e-07 | Res=8.3008e-08 | Iters=2 | Step time=0.063s | Total time=81.8s
Step 303/329 | Load err=1.0754e-06 | Res=9.8591e-08 | Iters=3 | Step time=0.095s | Total time=81.9s
Step 304/329 | Load err=3.8459e-07 | Res=3.5335e-08 | Iters=1 | Step time=0.032s | Total time=82.0s
Step 305/329 | Load err=1.0296e-06 | Res=9.6124e-08 | Iters=1 | Step time=0.032s | Total time=82.0s
Step 306/329 | Load err=2.8694e-07 | Res=2.6307e-08 | Iters=2 | Step time=0.063s | Total time=82.1s
Step 307/329 | Load err=1.0548e-06 | Res=9.6737e-08 | Iters=3 | Step time=0.095s | Total time=82.2s
Step 308/329 | Load err=1.5606e-07 | Res=1.4494e-08 | Iters=2 | Step time=0.063s | Total time=82.2s
Step 309/329 | Load err=1.0123e-06 | Res=9.2844e-08 | Iters=2 | Step time=0.063s | Total time=82.3s
Step 310/329 | Load err=4.6692e-07 | Res=4.2866e-08 | Iters=2 | Step time=0.063s | Total time=82.3s
Step 311/329 | Load err=2.5401e-07 | Res=2.3720e-08 | Iters=3 | Step time=0.095s | Total time=82.4s
Step 312/329 | Load err=9.1488e-07 | Res=8.3922e-08 | Iters=3 | Step time=0.095s | Total time=82.5s
Step 313/329 | Load err=8.7965e-07 | Res=8.0664e-08 | Iters=2 | Step time=0.064s | Total time=82.6s
Step 314/329 | Load err=8.0057e-07 | Res=7.3454e-08 | Iters=2 | Step time=0.063s | Total time=82.7s
Step 315/329 | Load err=3.4200e-08 | Res=4.5295e-09 | Iters=3 | Step time=0.095s | Total time=82.8s
Step 316/329 | Load err=4.2239e-07 | Res=3.9139e-08 | Iters=2 | Step time=0.063s | Total time=82.8s
Step 317/329 | Load err=4.2153e-07 | Res=3.9029e-08 | Iters=4 | Step time=0.126s | Total time=82.9s
Step 318/329 | Load err=3.8310e-07 | Res=3.5552e-08 | Iters=4 | Step time=0.126s | Total time=83.1s
Step 319/329 | Load err=4.3452e-07 | Res=4.0223e-08 | Iters=4 | Step time=0.126s | Total time=83.2s
Step 320/329 | Load err=1.0270e-06 | Res=9.4190e-08 | Iters=3 | Step time=0.095s | Total time=83.3s
Step 321/329 | Load err=9.7715e-07 | Res=8.9603e-08 | Iters=2 | Step time=0.063s | Total time=83.4s
Step 322/329 | Load err=9.1200e-07 | Res=8.3650e-08 | Iters=2 | Step time=0.063s | Total time=83.4s
Step 323/329 | Load err=1.3878e-07 | Res=1.3058e-08 | Iters=3 | Step time=0.095s | Total time=83.5s
Step 324/329 | Load err=6.7319e-07 | Res=6.2012e-08 | Iters=2 | Step time=0.064s | Total time=83.6s
Step 325/329 | Load err=1.8785e-07 | Res=1.7473e-08 | Iters=2 | Step time=0.064s | Total time=83.6s
Step 326/329 | Load err=4.0565e-07 | Res=3.7571e-08 | Iters=2 | Step time=0.064s | Total time=83.7s
Step 327/329 | Load err=7.7105e-07 | Res=7.0743e-08 | Iters=3 | Step time=0.095s | Total time=83.8s
Step 328/329 | Load err=4.3813e-07 | Res=4.0215e-08 | Iters=2 | Step time=0.063s | Total time=83.9s
Step 329/329 | Load err=8.5203e-07 | Res=7.8141e-08 | Iters=2 | Step time=0.063s | Total time=83.9s

============================================================
FINAL SUMMARY
============================================================
Total Runtime: 83.93 seconds
Average Load Error: 3.6595e-02
Max Load Error: 2.1569e+00
Average Step Time: 0.255 seconds
