Optimized EHL Solver Init
Step 1/329 | Load err=1.0138e-06 | Res=9.2939e-08 | Iters=9 | Step time=0.282s | Total time=0.3s
Step 2/329 | Load err=1.0014e-08 | Res=9.2749e-10 | Iters=7 | Step time=0.220s | Total time=0.5s
Step 3/329 | Load err=1.0557e-06 | Res=9.7929e-08 | Iters=2 | Step time=0.063s | Total time=0.6s
Step 4/329 | Load err=3.4923e-07 | Res=3.2161e-08 | Iters=2 | Step time=0.063s | Total time=0.6s
Step 5/329 | Load err=1.0463e-06 | Res=9.6125e-08 | Iters=2 | Step time=0.063s | Total time=0.7s
Step 6/329 | Load err=4.3132e-07 | Res=3.9623e-08 | Iters=2 | Step time=0.063s | Total time=0.8s
Step 7/329 | Load err=1.6596e-07 | Res=1.5686e-08 | Iters=2 | Step time=0.063s | Total time=0.8s
Step 8/329 | Load err=4.7246e-07 | Res=4.3326e-08 | Iters=3 | Step time=0.095s | Total time=0.9s
Step 9/329 | Load err=1.8297e-08 | Res=4.5611e-09 | Iters=2 | Step time=0.064s | Total time=1.0s
Step 10/329 | Load err=6.0542e-07 | Res=5.5720e-08 | Iters=2 | Step time=0.064s | Total time=1.0s
Step 11/329 | Load err=4.1173e-07 | Res=3.7766e-08 | Iters=2 | Step time=0.064s | Total time=1.1s
Step 12/329 | Load err=4.4072e-07 | Res=4.2696e-08 | Iters=2 | Step time=0.064s | Total time=1.2s
Step 13/329 | Load err=5.9332e-07 | Res=5.4586e-08 | Iters=2 | Step time=0.063s | Total time=1.2s
Step 14/329 | Load err=4.7251e-07 | Res=4.3362e-08 | Iters=2 | Step time=0.063s | Total time=1.3s
Step 15/329 | Load err=1.0161e-07 | Res=9.9654e-09 | Iters=4 | Step time=0.126s | Total time=1.4s
Step 16/329 | Load err=6.2894e-07 | Res=5.7691e-08 | Iters=3 | Step time=0.095s | Total time=1.5s
Step 17/329 | Load err=4.3452e-07 | Res=4.0421e-08 | Iters=2 | Step time=0.063s | Total time=1.6s
Step 18/329 | Load err=2.9132e-07 | Res=2.6846e-08 | Iters=2 | Step time=0.063s | Total time=1.6s
Step 19/329 | Load err=7.5060e-07 | Res=6.8853e-08 | Iters=2 | Step time=0.063s | Total time=1.7s
Step 20/329 | Load err=7.4563e-07 | Res=6.8389e-08 | Iters=3 | Step time=0.094s | Total time=1.8s
Step 21/329 | Load err=2.2881e-07 | Res=2.1157e-08 | Iters=2 | Step time=0.063s | Total time=1.9s
Step 22/329 | Load err=1.3292e-07 | Res=1.2364e-08 | Iters=2 | Step time=0.063s | Total time=1.9s
Step 23/329 | Load err=6.9928e-08 | Res=6.6809e-09 | Iters=2 | Step time=0.063s | Total time=2.0s
Step 24/329 | Load err=3.7202e-08 | Res=4.2367e-09 | Iters=2 | Step time=0.063s | Total time=2.0s
Step 25/329 | Load err=9.3739e-08 | Res=8.7600e-09 | Iters=2 | Step time=0.063s | Total time=2.1s
Step 26/329 | Load err=1.6295e-07 | Res=1.5095e-08 | Iters=2 | Step time=0.063s | Total time=2.2s
Step 27/329 | Load err=3.9363e-07 | Res=3.6163e-08 | Iters=1 | Step time=0.032s | Total time=2.2s
Step 28/329 | Load err=8.4041e-07 | Res=7.7149e-08 | Iters=2 | Step time=0.063s | Total time=2.3s
Step 29/329 | Load err=4.3666e-07 | Res=4.0107e-08 | Iters=2 | Step time=0.063s | Total time=2.3s
Step 30/329 | Load err=8.8035e-07 | Res=8.0825e-08 | Iters=2 | Step time=0.063s | Total time=2.4s
Step 31/329 | Load err=4.2120e-07 | Res=3.8715e-08 | Iters=2 | Step time=0.063s | Total time=2.5s
Step 32/329 | Load err=4.0845e-07 | Res=3.7545e-08 | Iters=3 | Step time=0.094s | Total time=2.6s
Step 33/329 | Load err=4.6688e-08 | Res=4.8584e-09 | Iters=2 | Step time=0.063s | Total time=2.6s
Step 34/329 | Load err=5.4536e-07 | Res=5.0118e-08 | Iters=3 | Step time=0.094s | Total time=2.7s
Step 35/329 | Load err=6.9040e-07 | Res=6.3384e-08 | Iters=4 | Step time=0.125s | Total time=2.8s
Step 36/329 | Load err=1.0183e-06 | Res=9.3400e-08 | Iters=3 | Step time=0.094s | Total time=2.9s
Step 37/329 | Load err=3.0256e-07 | Res=2.8437e-08 | Iters=2 | Step time=0.063s | Total time=3.0s
Step 38/329 | Load err=7.2108e-07 | Res=6.6260e-08 | Iters=3 | Step time=0.094s | Total time=3.1s
Step 39/329 | Load err=9.1691e-07 | Res=8.4158e-08 | Iters=3 | Step time=0.094s | Total time=3.2s
Step 40/329 | Load err=4.8639e-07 | Res=4.5256e-08 | Iters=2 | Step time=0.063s | Total time=3.2s
Step 41/329 | Load err=8.0601e-07 | Res=7.4111e-08 | Iters=3 | Step time=0.094s | Total time=3.3s
Step 42/329 | Load err=2.9009e-07 | Res=2.8057e-08 | Iters=4 | Step time=0.126s | Total time=3.5s
Step 43/329 | Load err=9.9720e-07 | Res=9.1632e-08 | Iters=4 | Step time=0.126s | Total time=3.6s
Step 44/329 | Load err=3.8854e-07 | Res=3.6414e-08 | Iters=4 | Step time=0.126s | Total time=3.7s
Step 45/329 | Load err=6.7136e-07 | Res=6.2016e-08 | Iters=4 | Step time=0.126s | Total time=3.8s
Step 46/329 | Load err=9.2969e-08 | Res=1.2502e-08 | Iters=4 | Step time=0.126s | Total time=4.0s
Step 47/329 | Load err=7.0602e-07 | Res=6.5343e-08 | Iters=4 | Step time=0.127s | Total time=4.1s
Step 48/329 | Load err=7.0067e-07 | Res=6.5188e-08 | Iters=3 | Step time=0.097s | Total time=4.2s
Step 49/329 | Load err=1.8643e-07 | Res=2.0401e-08 | Iters=6 | Step time=0.192s | Total time=4.4s
Step 50/329 | Load err=2.8725e-07 | Res=2.8765e-08 | Iters=2 | Step time=0.065s | Total time=4.4s
Step 51/329 | Load err=1.0154e-06 | Res=9.3085e-08 | Iters=1 | Step time=0.033s | Total time=4.5s
Step 52/329 | Load err=1.0471e-06 | Res=9.6454e-08 | Iters=3 | Step time=0.097s | Total time=4.6s
Step 53/329 | Load err=8.2483e-07 | Res=7.6074e-08 | Iters=4 | Step time=0.129s | Total time=4.7s
Step 54/329 | Load err=1.4891e-07 | Res=1.3704e-08 | Iters=2 | Step time=0.064s | Total time=4.8s
Step 55/329 | Load err=2.2940e-07 | Res=2.5013e-08 | Iters=7 | Step time=0.226s | Total time=5.0s
Step 56/329 | Load err=2.8427e-07 | Res=3.1172e-08 | Iters=4 | Step time=0.128s | Total time=5.1s
Step 57/329 | Load err=6.1875e-07 | Res=5.7257e-08 | Iters=4 | Step time=0.128s | Total time=5.3s
Step 58/329 | Load err=9.4984e-07 | Res=8.7360e-08 | Iters=3 | Step time=0.096s | Total time=5.3s
Step 59/329 | Load err=8.4361e-07 | Res=8.1135e-08 | Iters=4 | Step time=0.126s | Total time=5.5s
Step 60/329 | Load err=9.9846e-08 | Res=1.5631e-08 | Iters=8 | Step time=0.253s | Total time=5.7s
Step 61/329 | Load err=4.6438e-07 | Res=4.4212e-08 | Iters=3 | Step time=0.097s | Total time=5.8s
Step 62/329 | Load err=1.6119e-07 | Res=2.0434e-08 | Iters=3 | Step time=0.097s | Total time=5.9s
Step 63/329 | Load err=6.9899e-07 | Res=6.5063e-08 | Iters=3 | Step time=0.097s | Total time=6.0s
Step 64/329 | Load err=3.2878e-07 | Res=3.7324e-08 | Iters=5 | Step time=0.160s | Total time=6.2s
Step 65/329 | Load err=6.0504e-07 | Res=5.8246e-08 | Iters=9 | Step time=0.286s | Total time=6.5s
Step 66/329 | Load err=2.3350e-07 | Res=2.7012e-08 | Iters=3 | Step time=0.096s | Total time=6.6s
Step 67/329 | Load err=1.1718e-07 | Res=1.5941e-08 | Iters=5 | Step time=0.162s | Total time=6.7s
Step 68/329 | Load err=2.3019e-07 | Res=2.4227e-08 | Iters=4 | Step time=0.128s | Total time=6.9s
Step 69/329 | Load err=7.2831e-07 | Res=7.1083e-08 | Iters=4 | Step time=0.129s | Total time=7.0s
Step 70/329 | Load err=9.4323e-07 | Res=8.7475e-08 | Iters=4 | Step time=0.130s | Total time=7.1s
Step 71/329 | Load err=1.9509e-07 | Res=2.1121e-08 | Iters=4 | Step time=0.128s | Total time=7.2s
Step 72/329 | Load err=9.4465e-07 | Res=8.9144e-08 | Iters=5 | Step time=0.160s | Total time=7.4s
Step 73/329 | Load err=5.2634e-07 | Res=4.9817e-08 | Iters=3 | Step time=0.096s | Total time=7.5s
Step 74/329 | Load err=9.4041e-07 | Res=9.2671e-08 | Iters=2 | Step time=0.064s | Total time=7.6s
Step 75/329 | Load err=2.7830e-07 | Res=5.9488e-08 | Iters=4 | Step time=0.126s | Total time=7.7s
Step 76/329 | Load err=5.0566e-07 | Res=5.2379e-08 | Iters=3 | Step time=0.095s | Total time=7.8s
Step 77/329 | Load err=1.0485e-07 | Res=2.5122e-08 | Iters=4 | Step time=0.129s | Total time=7.9s
Step 78/329 | Load err=3.9841e-07 | Res=4.2157e-08 | Iters=2 | Step time=0.063s | Total time=8.0s
Step 79/329 | Load err=2.3325e-07 | Res=3.8254e-08 | Iters=4 | Step time=0.127s | Total time=8.1s
Step 80/329 | Load err=1.0588e-06 | Res=9.9442e-08 | Iters=2 | Step time=0.063s | Total time=8.2s
Step 81/329 | Load err=4.8408e-07 | Res=4.8304e-08 | Iters=5 | Step time=0.158s | Total time=8.3s
Step 82/329 | Load err=2.8170e-07 | Res=3.2386e-08 | Iters=3 | Step time=0.095s | Total time=8.4s
Step 83/329 | Load err=2.2029e-07 | Res=3.2651e-08 | Iters=5 | Step time=0.159s | Total time=8.6s
Step 84/329 | Load err=8.7402e-07 | Res=9.0460e-08 | Iters=4 | Step time=0.126s | Total time=8.7s
Step 85/329 | Load err=2.0214e-07 | Res=2.8790e-08 | Iters=4 | Step time=0.127s | Total time=8.8s
Step 86/329 | Load err=8.8549e-07 | Res=8.9665e-08 | Iters=2 | Step time=0.063s | Total time=8.9s
Step 87/329 | Load err=8.5874e-07 | Res=7.8749e-08 | Iters=3 | Step time=0.095s | Total time=9.0s
Step 88/329 | Load err=5.4866e-08 | Res=3.4159e-08 | Iters=3 | Step time=0.095s | Total time=9.1s
Step 89/329 | Load err=6.3679e-08 | Res=6.6324e-08 | Iters=2 | Step time=0.063s | Total time=9.1s
Step 90/329 | Load err=9.5246e-07 | Res=8.7312e-08 | Iters=3 | Step time=0.094s | Total time=9.2s
Step 91/329 | Load err=4.3061e-07 | Res=3.9492e-08 | Iters=2 | Step time=0.063s | Total time=9.3s
Step 92/329 | Load err=2.7752e-07 | Res=7.2264e-08 | Iters=2 | Step time=0.063s | Total time=9.4s
Step 93/329 | Load err=6.9393e-07 | Res=7.4243e-08 | Iters=2 | Step time=0.063s | Total time=9.4s
Step 94/329 | Load err=4.9591e-08 | Res=5.5278e-08 | Iters=3 | Step time=0.094s | Total time=9.5s
Step 95/329 | Load err=8.8636e-07 | Res=8.7308e-08 | Iters=2 | Step time=0.063s | Total time=9.6s
Step 96/329 | Load err=4.9401e-08 | Res=8.1660e-08 | Iters=3 | Step time=0.094s | Total time=9.7s
Step 97/329 | Load err=1.1609e-07 | Res=4.3983e-08 | Iters=3 | Step time=0.094s | Total time=9.8s
Step 98/329 | Load err=1.0404e-07 | Res=5.6857e-08 | Iters=3 | Step time=0.094s | Total time=9.9s
Step 99/329 | Load err=8.2764e-08 | Res=2.5765e-08 | Iters=3 | Step time=0.094s | Total time=10.0s
Step 100/329 | Load err=5.2179e-08 | Res=7.5604e-09 | Iters=3 | Step time=0.094s | Total time=10.1s
Step 101/329 | Load err=3.2245e-08 | Res=3.0240e-09 | Iters=3 | Step time=0.095s | Total time=10.2s
Step 102/329 | Load err=8.8923e-09 | Res=8.1516e-10 | Iters=3 | Step time=0.094s | Total time=10.2s
Step 103/329 | Load err=9.4012e-07 | Res=8.6181e-08 | Iters=2 | Step time=0.063s | Total time=10.3s
Step 104/329 | Load err=9.4377e-07 | Res=8.6515e-08 | Iters=2 | Step time=0.064s | Total time=10.4s
Step 105/329 | Load err=8.9381e-07 | Res=8.1947e-08 | Iters=2 | Step time=0.063s | Total time=10.4s
Step 106/329 | Load err=6.6656e-07 | Res=8.4835e-08 | Iters=10 | Step time=0.313s | Total time=10.7s
Step 107/329 | Load err=2.3429e-02 | Res=2.2323e-01 | Iters=17 | Step time=2.121s | Total time=12.9s
Step 108/329 | Load err=5.1511e-02 | Res=2.6132e-03 | Iters=16 | Step time=0.651s | Total time=13.5s
Step 109/329 | Load err=7.6197e-07 | Res=7.0912e-08 | Iters=10 | Step time=0.346s | Total time=13.9s
Step 110/329 | Load err=5.4877e-07 | Res=5.2870e-08 | Iters=4 | Step time=0.126s | Total time=14.0s
Step 111/329 | Load err=3.5081e-08 | Res=1.0343e-08 | Iters=4 | Step time=0.126s | Total time=14.1s
Step 112/329 | Load err=9.5080e-08 | Res=9.6519e-09 | Iters=10 | Step time=0.314s | Total time=14.4s
Step 113/329 | Load err=6.2037e-08 | Res=9.0760e-09 | Iters=4 | Step time=0.125s | Total time=14.6s
Step 114/329 | Load err=2.7095e-05 | Res=2.8436e-06 | Iters=30 | Step time=3.175s | Total time=17.7s
Step 115/329 | Load err=3.3981e-05 | Res=7.2173e-05 | Iters=20 | Step time=3.385s | Total time=21.1s
Step 116/329 | Load err=1.1388e-02 | Res=9.6560e-02 | Iters=9 | Step time=1.454s | Total time=22.6s
Step 117/329 | Load err=7.9820e-02 | Res=8.3295e-02 | Iters=0 | Step time=0.898s | Total time=23.5s
Step 118/329 | Load err=1.3437e-01 | Res=7.2767e-02 | Iters=0 | Step time=0.678s | Total time=24.1s
Step 119/329 | Load err=1.7650e-01 | Res=6.4669e-02 | Iters=0 | Step time=0.525s | Total time=24.7s
Step 120/329 | Load err=8.1567e-04 | Res=8.6299e-03 | Iters=0 | Step time=0.557s | Total time=25.2s
Step 121/329 | Load err=9.1284e-10 | Res=1.0180e-10 | Iters=18 | Step time=0.586s | Total time=25.8s
Step 122/329 | Load err=3.3543e-07 | Res=3.0784e-08 | Iters=4 | Step time=0.125s | Total time=25.9s
Step 123/329 | Load err=7.2082e-09 | Res=6.6674e-10 | Iters=6 | Step time=0.188s | Total time=26.1s
Step 124/329 | Load err=4.2089e-05 | Res=8.5565e-05 | Iters=25 | Step time=1.438s | Total time=27.6s
Step 125/329 | Load err=7.5578e-05 | Res=6.9282e-06 | Iters=25 | Step time=2.648s | Total time=30.2s
Step 126/329 | Load err=8.2020e-07 | Res=7.5188e-08 | Iters=14 | Step time=1.954s | Total time=32.2s
Step 127/329 | Load err=1.1892e-07 | Res=1.0903e-08 | Iters=11 | Step time=0.343s | Total time=32.5s
Step 128/329 | Load err=5.7331e-06 | Res=1.9292e-05 | Iters=20 | Step time=3.566s | Total time=36.1s
Step 129/329 | Load err=5.5633e-05 | Res=5.0998e-06 | Iters=20 | Step time=2.385s | Total time=38.5s
Step 130/329 | Load err=5.5842e-07 | Res=6.2531e-08 | Iters=6 | Step time=2.208s | Total time=40.7s
Step 131/329 | Load err=7.6196e-05 | Res=6.9848e-06 | Iters=25 | Step time=2.073s | Total time=42.7s
Step 132/329 | Load err=2.0953e-08 | Res=4.8774e-09 | Iters=0 | Step time=0.186s | Total time=42.9s
Step 133/329 | Load err=5.1995e-08 | Res=4.7752e-09 | Iters=0 | Step time=0.156s | Total time=43.1s
Step 134/329 | Load err=1.7341e-08 | Res=1.5897e-09 | Iters=0 | Step time=0.219s | Total time=43.3s
Step 135/329 | Load err=1.6256e-07 | Res=1.4902e-08 | Iters=10 | Step time=0.311s | Total time=43.6s
Step 136/329 | Load err=4.3154e-04 | Res=3.9559e-05 | Iters=25 | Step time=1.399s | Total time=45.0s
Step 137/329 | Load err=1.0640e-06 | Res=9.7574e-08 | Iters=5 | Step time=0.154s | Total time=45.2s
Step 138/329 | Load err=4.3523e-07 | Res=4.4200e-08 | Iters=3 | Step time=0.092s | Total time=45.3s
Step 139/329 | Load err=1.6055e-08 | Res=2.6507e-08 | Iters=3 | Step time=0.092s | Total time=45.4s
Step 140/329 | Load err=7.4195e-08 | Res=6.1073e-08 | Iters=2 | Step time=0.062s | Total time=45.4s
Step 141/329 | Load err=4.0695e-07 | Res=3.8066e-08 | Iters=2 | Step time=0.062s | Total time=45.5s
Step 142/329 | Load err=6.1460e-04 | Res=5.6340e-05 | Iters=25 | Step time=1.420s | Total time=46.9s
Step 143/329 | Load err=1.8272e-08 | Res=1.7519e-09 | Iters=8 | Step time=0.246s | Total time=47.1s
Step 144/329 | Load err=2.4904e-08 | Res=2.2830e-09 | Iters=5 | Step time=0.154s | Total time=47.3s
Step 145/329 | Load err=1.0596e-08 | Res=1.3922e-08 | Iters=5 | Step time=0.154s | Total time=47.5s
Step 146/329 | Load err=7.0896e-08 | Res=1.7159e-08 | Iters=5 | Step time=0.154s | Total time=47.6s
Step 147/329 | Load err=7.6977e-10 | Res=3.0094e-08 | Iters=2 | Step time=0.062s | Total time=47.7s
Step 148/329 | Load err=1.3721e-07 | Res=3.4911e-08 | Iters=3 | Step time=0.093s | Total time=47.8s
Step 149/329 | Load err=6.9760e-07 | Res=6.3949e-08 | Iters=9 | Step time=0.280s | Total time=48.0s
Step 150/329 | Load err=1.3744e-04 | Res=1.2599e-05 | Iters=25 | Step time=0.839s | Total time=48.9s
Step 151/329 | Load err=5.5288e-08 | Res=5.1886e-09 | Iters=5 | Step time=0.154s | Total time=49.0s
Step 152/329 | Load err=2.7108e-07 | Res=2.4850e-08 | Iters=2 | Step time=0.062s | Total time=49.1s
Step 153/329 | Load err=8.1125e-07 | Res=7.4870e-08 | Iters=5 | Step time=0.156s | Total time=49.3s
Step 154/329 | Load err=6.6567e-07 | Res=6.4649e-08 | Iters=8 | Step time=0.251s | Total time=49.5s
Step 155/329 | Load err=6.5420e-07 | Res=7.0045e-08 | Iters=4 | Step time=0.125s | Total time=49.6s
Step 156/329 | Load err=3.8406e-07 | Res=4.0507e-08 | Iters=2 | Step time=0.062s | Total time=49.7s
Step 157/329 | Load err=5.1977e-04 | Res=4.7647e-05 | Iters=25 | Step time=1.407s | Total time=51.1s
Step 158/329 | Load err=5.2678e-07 | Res=7.1211e-08 | Iters=5 | Step time=0.154s | Total time=51.3s
Step 159/329 | Load err=7.1132e-07 | Res=9.5904e-08 | Iters=3 | Step time=0.093s | Total time=51.3s
Step 160/329 | Load err=4.4023e-07 | Res=7.1623e-08 | Iters=4 | Step time=0.123s | Total time=51.5s
Step 161/329 | Load err=1.5012e-07 | Res=2.4075e-08 | Iters=3 | Step time=0.093s | Total time=51.6s
Step 162/329 | Load err=2.0447e-08 | Res=7.2706e-08 | Iters=5 | Step time=0.154s | Total time=51.7s
Step 163/329 | Load err=1.2890e-07 | Res=2.3873e-08 | Iters=20 | Step time=0.625s | Total time=52.3s
Step 164/329 | Load err=8.9661e-06 | Res=8.5405e-07 | Iters=20 | Step time=2.153s | Total time=54.5s
Step 165/329 | Load err=1.0601e-02 | Res=2.3286e-02 | Iters=3 | Step time=3.091s | Total time=57.6s
Step 166/329 | Load err=2.3674e-02 | Res=2.1822e-02 | Iters=0 | Step time=0.900s | Total time=58.5s
Step 167/329 | Load err=1.6315e-04 | Res=1.4956e-05 | Iters=25 | Step time=1.026s | Total time=59.5s
Step 168/329 | Load err=8.0888e-08 | Res=7.4232e-09 | Iters=5 | Step time=0.155s | Total time=59.7s
Step 169/329 | Load err=1.3835e-07 | Res=1.2684e-08 | Iters=6 | Step time=0.186s | Total time=59.8s
Step 170/329 | Load err=3.6892e-08 | Res=3.4189e-08 | Iters=5 | Step time=0.156s | Total time=60.0s
Step 171/329 | Load err=7.2757e-07 | Res=9.2253e-08 | Iters=6 | Step time=0.187s | Total time=60.2s
Step 172/329 | Load err=1.9584e-04 | Res=1.7953e-05 | Iters=20 | Step time=2.178s | Total time=62.4s
Step 173/329 | Load err=1.7011e-07 | Res=1.5754e-08 | Iters=5 | Step time=0.155s | Total time=62.5s
Step 174/329 | Load err=5.6803e-07 | Res=6.4120e-08 | Iters=3 | Step time=0.093s | Total time=62.6s
Step 175/329 | Load err=8.7768e-09 | Res=3.4908e-08 | Iters=5 | Step time=0.155s | Total time=62.8s
Step 176/329 | Load err=7.9765e-09 | Res=1.7648e-08 | Iters=3 | Step time=0.093s | Total time=62.9s
Step 177/329 | Load err=8.3401e-05 | Res=7.6454e-06 | Iters=25 | Step time=1.404s | Total time=64.3s
Step 178/329 | Load err=4.5376e-04 | Res=4.1596e-05 | Iters=25 | Step time=0.882s | Total time=65.2s
Step 179/329 | Load err=9.0159e-10 | Res=4.5398e-09 | Iters=6 | Step time=0.186s | Total time=65.3s
Step 180/329 | Load err=9.2701e-09 | Res=6.3671e-08 | Iters=4 | Step time=0.124s | Total time=65.5s
Step 181/329 | Load err=8.9306e-09 | Res=9.1995e-08 | Iters=5 | Step time=0.156s | Total time=65.6s
Step 182/329 | Load err=2.2721e-09 | Res=9.2469e-09 | Iters=5 | Step time=0.157s | Total time=65.8s
Step 183/329 | Load err=3.2883e-07 | Res=9.1722e-08 | Iters=15 | Step time=0.464s | Total time=66.2s
Step 184/329 | Load err=9.2523e-05 | Res=8.4816e-06 | Iters=25 | Step time=0.840s | Total time=67.1s
Step 185/329 | Load err=2.3217e-07 | Res=2.1757e-08 | Iters=5 | Step time=0.155s | Total time=67.2s
Step 186/329 | Load err=2.6682e-07 | Res=2.5153e-08 | Iters=5 | Step time=0.156s | Total time=67.4s
Step 187/329 | Load err=5.9293e-06 | Res=1.0723e-05 | Iters=20 | Step time=2.647s | Total time=70.0s
Step 188/329 | Load err=2.3085e-05 | Res=2.1162e-06 | Iters=25 | Step time=1.394s | Total time=71.4s
Step 189/329 | Load err=7.7127e-05 | Res=7.0702e-06 | Iters=25 | Step time=1.394s | Total time=72.8s
Step 190/329 | Load err=1.0028e-08 | Res=4.3961e-09 | Iters=7 | Step time=0.216s | Total time=73.0s
Step 191/329 | Load err=1.2451e-05 | Res=1.1416e-06 | Iters=25 | Step time=1.766s | Total time=74.8s
Step 192/329 | Load err=9.4308e-05 | Res=8.6452e-06 | Iters=25 | Step time=1.394s | Total time=76.2s
Step 193/329 | Load err=3.3143e-08 | Res=3.0408e-09 | Iters=6 | Step time=0.186s | Total time=76.4s
Step 194/329 | Load err=3.7696e-07 | Res=3.4556e-08 | Iters=5 | Step time=0.154s | Total time=76.5s
Step 195/329 | Load err=3.4003e-06 | Res=4.9833e-06 | Iters=20 | Step time=1.392s | Total time=77.9s
Step 196/329 | Load err=1.4403e-07 | Res=1.3203e-08 | Iters=1 | Step time=1.435s | Total time=79.4s
Step 197/329 | Load err=6.6120e-05 | Res=6.0612e-06 | Iters=20 | Step time=2.638s | Total time=82.0s
Step 198/329 | Load err=1.1964e-08 | Res=4.3100e-08 | Iters=7 | Step time=0.216s | Total time=82.2s
Step 199/329 | Load err=4.6398e-09 | Res=7.3471e-10 | Iters=4 | Step time=0.124s | Total time=82.3s
Step 200/329 | Load err=3.4744e-08 | Res=3.2880e-09 | Iters=9 | Step time=0.279s | Total time=82.6s
Step 201/329 | Load err=2.0279e-07 | Res=1.8592e-08 | Iters=20 | Step time=0.621s | Total time=83.2s
Step 202/329 | Load err=1.6719e-05 | Res=1.2301e+00 | Iters=30 | Step time=3.242s | Total time=86.5s
Step 203/329 | Load err=4.1951e-07 | Res=5.2117e-05 | Iters=20 | Step time=2.629s | Total time=89.1s
Step 204/329 | Load err=4.9246e-06 | Res=3.2241e+01 | Iters=30 | Step time=2.651s | Total time=91.8s
Step 205/329 | Load err=4.9908e-03 | Res=2.9699e-02 | Iters=0 | Step time=0.951s | Total time=92.7s
Step 206/329 | Load err=4.9548e-08 | Res=4.5421e-09 | Iters=16 | Step time=0.522s | Total time=93.2s
Step 207/329 | Load err=6.5283e-07 | Res=6.0406e-08 | Iters=3 | Step time=0.094s | Total time=93.3s
Step 208/329 | Load err=1.6722e-07 | Res=1.5329e-08 | Iters=9 | Step time=0.279s | Total time=93.6s
Step 209/329 | Load err=2.9116e-06 | Res=2.0336e-05 | Iters=30 | Step time=3.372s | Total time=97.0s
Step 210/329 | Load err=7.7648e-07 | Res=8.2501e-07 | Iters=5 | Step time=2.418s | Total time=99.4s
Step 211/329 | Load err=9.6153e-08 | Res=9.0699e-09 | Iters=0 | Step time=1.706s | Total time=101.1s
Step 212/329 | Load err=9.2713e-07 | Res=8.4990e-08 | Iters=21 | Step time=2.048s | Total time=103.2s
Step 213/329 | Load err=5.3400e-04 | Res=8.8201e-01 | Iters=20 | Step time=2.424s | Total time=105.6s
Step 214/329 | Load err=2.3505e-07 | Res=2.1548e-08 | Iters=11 | Step time=0.344s | Total time=105.9s
Step 215/329 | Load err=6.4876e-05 | Res=2.7131e-01 | Iters=20 | Step time=2.080s | Total time=108.0s
Step 216/329 | Load err=1.7475e-03 | Res=1.1777e+04 | Iters=14 | Step time=1.731s | Total time=109.7s
Step 217/329 | Load err=1.4062e-02 | Res=1.0279e-01 | Iters=10 | Step time=1.792s | Total time=111.5s
Step 218/329 | Load err=7.4619e-02 | Res=1.2097e-01 | Iters=0 | Step time=0.896s | Total time=112.4s
Step 219/329 | Load err=1.7884e-01 | Res=1.4245e-01 | Iters=0 | Step time=0.895s | Total time=113.3s
Step 220/329 | Load err=2.8023e-02 | Res=1.6594e-01 | Iters=0 | Step time=0.895s | Total time=114.2s
Step 221/329 | Load err=7.3319e-02 | Res=1.9523e-01 | Iters=0 | Step time=0.867s | Total time=115.1s
Step 222/329 | Load err=1.8923e-01 | Res=2.2895e-01 | Iters=0 | Step time=0.558s | Total time=115.6s
Step 223/329 | Load err=3.2092e-01 | Res=2.6746e-01 | Iters=0 | Step time=0.898s | Total time=116.5s
Step 224/329 | Load err=2.6075e-02 | Res=9.4162e-02 | Iters=14 | Step time=0.590s | Total time=117.1s
Step 225/329 | Load err=2.7609e-02 | Res=6.4543e-02 | Iters=0 | Step time=0.558s | Total time=117.7s
Step 226/329 | Load err=7.9447e-02 | Res=8.2015e-02 | Iters=0 | Step time=0.903s | Total time=118.6s
Step 227/329 | Load err=1.9841e-01 | Res=1.0146e-01 | Iters=0 | Step time=0.900s | Total time=119.5s
Step 228/329 | Load err=1.1596e-06 | Res=8.3026e-06 | Iters=25 | Step time=2.074s | Total time=121.6s
Step 229/329 | Load err=1.2301e-08 | Res=1.1286e-09 | Iters=0 | Step time=0.283s | Total time=121.8s
Step 230/329 | Load err=3.8012e-07 | Res=3.4851e-08 | Iters=3 | Step time=0.095s | Total time=121.9s
Step 231/329 | Load err=3.1789e-07 | Res=2.9537e-08 | Iters=0 | Step time=0.064s | Total time=122.0s
Step 232/329 | Load err=1.2558e-07 | Res=1.1512e-08 | Iters=2 | Step time=0.064s | Total time=122.1s
Step 233/329 | Load err=3.5718e-07 | Res=4.7427e-08 | Iters=2 | Step time=0.064s | Total time=122.1s
Step 234/329 | Load err=3.0990e-07 | Res=9.2729e-08 | Iters=2 | Step time=0.063s | Total time=122.2s
Step 235/329 | Load err=2.6287e-07 | Res=2.4546e-08 | Iters=4 | Step time=0.127s | Total time=122.3s
Step 236/329 | Load err=1.5351e-07 | Res=1.4083e-08 | Iters=3 | Step time=0.095s | Total time=122.4s
Step 237/329 | Load err=5.3040e-07 | Res=9.3924e-08 | Iters=4 | Step time=0.127s | Total time=122.5s
Step 238/329 | Load err=3.9901e-07 | Res=3.6593e-08 | Iters=5 | Step time=0.160s | Total time=122.7s
Step 239/329 | Load err=2.7606e-07 | Res=2.5324e-08 | Iters=2 | Step time=0.064s | Total time=122.8s
Step 240/329 | Load err=1.5774e-07 | Res=1.4512e-08 | Iters=2 | Step time=0.064s | Total time=122.8s
Step 241/329 | Load err=4.3735e-07 | Res=4.4266e-08 | Iters=6 | Step time=0.191s | Total time=123.0s
Step 242/329 | Load err=6.7433e-07 | Res=6.1816e-08 | Iters=2 | Step time=0.065s | Total time=123.1s
Step 243/329 | Load err=9.8478e-07 | Res=9.5324e-08 | Iters=3 | Step time=0.095s | Total time=123.2s
Step 244/329 | Load err=6.7926e-07 | Res=6.2353e-08 | Iters=4 | Step time=0.127s | Total time=123.3s
Step 245/329 | Load err=9.9373e-08 | Res=7.1749e-08 | Iters=7 | Step time=0.221s | Total time=123.5s
Step 246/329 | Load err=5.1421e-07 | Res=5.6838e-08 | Iters=3 | Step time=0.095s | Total time=123.6s
Step 247/329 | Load err=1.4930e-07 | Res=7.8363e-08 | Iters=2 | Step time=0.063s | Total time=123.7s
Step 248/329 | Load err=4.8099e-07 | Res=8.7689e-08 | Iters=2 | Step time=0.064s | Total time=123.8s
Step 249/329 | Load err=4.8548e-07 | Res=4.9144e-08 | Iters=11 | Step time=0.346s | Total time=124.1s
Step 250/329 | Load err=9.5368e-08 | Res=3.7653e-08 | Iters=3 | Step time=0.095s | Total time=124.2s
Step 251/329 | Load err=8.7778e-08 | Res=3.2677e-08 | Iters=5 | Step time=0.157s | Total time=124.4s
Step 252/329 | Load err=6.8465e-07 | Res=8.6654e-08 | Iters=4 | Step time=0.127s | Total time=124.5s
Step 253/329 | Load err=6.1037e-07 | Res=6.0410e-08 | Iters=2 | Step time=0.063s | Total time=124.5s
Step 254/329 | Load err=2.6321e-07 | Res=8.2665e-08 | Iters=4 | Step time=0.127s | Total time=124.7s
Step 255/329 | Load err=1.0474e-06 | Res=9.8769e-08 | Iters=4 | Step time=0.127s | Total time=124.8s
Step 256/329 | Load err=7.3043e-08 | Res=1.3719e-08 | Iters=3 | Step time=0.096s | Total time=124.9s
Step 257/329 | Load err=2.7104e-07 | Res=3.1343e-08 | Iters=3 | Step time=0.095s | Total time=125.0s
Step 258/329 | Load err=7.0941e-07 | Res=6.6759e-08 | Iters=3 | Step time=0.095s | Total time=125.1s
Step 259/329 | Load err=2.8430e-07 | Res=3.2121e-08 | Iters=17 | Step time=0.546s | Total time=125.6s
Step 260/329 | Load err=6.2091e-07 | Res=6.0512e-08 | Iters=5 | Step time=0.159s | Total time=125.8s
Step 261/329 | Load err=6.0363e-07 | Res=5.5335e-08 | Iters=2 | Step time=0.063s | Total time=125.9s
Step 262/329 | Load err=8.0214e-07 | Res=8.5204e-08 | Iters=3 | Step time=0.096s | Total time=125.9s
Step 263/329 | Load err=9.1553e-07 | Res=8.6798e-08 | Iters=8 | Step time=0.254s | Total time=126.2s
Step 264/329 | Load err=1.0310e-06 | Res=9.9479e-08 | Iters=3 | Step time=0.095s | Total time=126.3s
Step 265/329 | Load err=6.0817e-07 | Res=5.7292e-08 | Iters=7 | Step time=0.222s | Total time=126.5s
Step 266/329 | Load err=5.4396e-07 | Res=5.2674e-08 | Iters=6 | Step time=0.190s | Total time=126.7s
Step 267/329 | Load err=1.8743e-07 | Res=1.7186e-08 | Iters=2 | Step time=0.063s | Total time=126.8s
Step 268/329 | Load err=9.8098e-07 | Res=9.1229e-08 | Iters=6 | Step time=0.189s | Total time=127.0s
Step 269/329 | Load err=5.0849e-07 | Res=4.9961e-08 | Iters=3 | Step time=0.095s | Total time=127.1s
Step 270/329 | Load err=4.6588e-07 | Res=4.5950e-08 | Iters=2 | Step time=0.064s | Total time=127.1s
Step 271/329 | Load err=6.8790e-07 | Res=6.4506e-08 | Iters=8 | Step time=0.258s | Total time=127.4s
Step 272/329 | Load err=2.9127e-07 | Res=3.5505e-08 | Iters=5 | Step time=0.159s | Total time=127.5s
Step 273/329 | Load err=9.8609e-07 | Res=9.4580e-08 | Iters=3 | Step time=0.095s | Total time=127.6s
Step 274/329 | Load err=1.0233e-06 | Res=9.4226e-08 | Iters=2 | Step time=0.063s | Total time=127.7s
Step 275/329 | Load err=2.0417e-06 | Res=1.8900e-07 | Iters=20 | Step time=1.453s | Total time=129.1s
Step 276/329 | Load err=3.4709e-07 | Res=3.2029e-08 | Iters=3 | Step time=0.096s | Total time=129.2s
Step 277/329 | Load err=1.0440e-06 | Res=9.6161e-08 | Iters=3 | Step time=0.096s | Total time=129.3s
Step 278/329 | Load err=9.9863e-07 | Res=9.3395e-08 | Iters=2 | Step time=0.064s | Total time=129.4s
Step 279/329 | Load err=3.0025e-07 | Res=3.0716e-08 | Iters=2 | Step time=0.064s | Total time=129.5s
Step 280/329 | Load err=1.1773e-07 | Res=1.6722e-08 | Iters=1 | Step time=0.032s | Total time=129.5s
Step 281/329 | Load err=9.3942e-07 | Res=8.6764e-08 | Iters=2 | Step time=0.064s | Total time=129.6s
Step 282/329 | Load err=2.3909e-07 | Res=2.4169e-08 | Iters=3 | Step time=0.095s | Total time=129.7s
Step 283/329 | Load err=4.4673e-07 | Res=4.2516e-08 | Iters=3 | Step time=0.095s | Total time=129.8s
Step 284/329 | Load err=4.8602e-07 | Res=4.5809e-08 | Iters=2 | Step time=0.063s | Total time=129.8s
Step 285/329 | Load err=1.0096e-06 | Res=9.2745e-08 | Iters=3 | Step time=0.095s | Total time=129.9s
Step 286/329 | Load err=5.5624e-07 | Res=5.5680e-08 | Iters=4 | Step time=0.127s | Total time=130.0s
Step 287/329 | Load err=5.2348e-07 | Res=4.8677e-08 | Iters=2 | Step time=0.063s | Total time=130.1s
Step 288/329 | Load err=1.7827e-07 | Res=1.6776e-08 | Iters=4 | Step time=0.127s | Total time=130.2s
Step 289/329 | Load err=9.1178e-07 | Res=8.4951e-08 | Iters=2 | Step time=0.064s | Total time=130.3s
Step 290/329 | Load err=1.5519e-07 | Res=1.5827e-08 | Iters=2 | Step time=0.064s | Total time=130.4s
Step 291/329 | Load err=7.4920e-07 | Res=6.9024e-08 | Iters=4 | Step time=0.127s | Total time=130.5s
Step 292/329 | Load err=1.7911e-07 | Res=1.8492e-08 | Iters=2 | Step time=0.064s | Total time=130.5s
Step 293/329 | Load err=7.5091e-07 | Res=6.9549e-08 | Iters=2 | Step time=0.064s | Total time=130.6s
Step 294/329 | Load err=7.2741e-07 | Res=6.7130e-08 | Iters=2 | Step time=0.064s | Total time=130.7s
Step 295/329 | Load err=7.3084e-07 | Res=6.7317e-08 | Iters=4 | Step time=0.127s | Total time=130.8s
Step 296/329 | Load err=1.0595e-06 | Res=9.7799e-08 | Iters=2 | Step time=0.064s | Total time=130.9s
Step 297/329 | Load err=2.9037e-07 | Res=2.7103e-08 | Iters=4 | Step time=0.126s | Total time=131.0s
Step 298/329 | Load err=1.2451e-07 | Res=1.1481e-08 | Iters=4 | Step time=0.126s | Total time=131.1s
Step 299/329 | Load err=6.8903e-07 | Res=6.4338e-08 | Iters=2 | Step time=0.063s | Total time=131.2s
Step 300/329 | Load err=3.5492e-07 | Res=3.2669e-08 | Iters=5 | Step time=0.157s | Total time=131.3s
Step 301/329 | Load err=1.0290e-07 | Res=1.0693e-08 | Iters=3 | Step time=0.094s | Total time=131.4s
Step 302/329 | Load err=4.9086e-07 | Res=4.5300e-08 | Iters=2 | Step time=0.063s | Total time=131.5s
Step 303/329 | Load err=2.8166e-07 | Res=2.6776e-08 | Iters=4 | Step time=0.125s | Total time=131.6s
Step 304/329 | Load err=6.8862e-07 | Res=6.3194e-08 | Iters=3 | Step time=0.094s | Total time=131.7s
Step 305/329 | Load err=6.7331e-07 | Res=6.2496e-08 | Iters=2 | Step time=0.063s | Total time=131.8s
Step 306/329 | Load err=4.0265e-07 | Res=3.6912e-08 | Iters=2 | Step time=0.063s | Total time=131.8s
Step 307/329 | Load err=3.1252e-07 | Res=2.8726e-08 | Iters=4 | Step time=0.125s | Total time=132.0s
Step 308/329 | Load err=7.6886e-07 | Res=7.0584e-08 | Iters=3 | Step time=0.094s | Total time=132.1s
Step 309/329 | Load err=1.0633e-06 | Res=9.7488e-08 | Iters=3 | Step time=0.094s | Total time=132.2s
Step 310/329 | Load err=9.2231e-07 | Res=8.4554e-08 | Iters=4 | Step time=0.126s | Total time=132.3s
Step 311/329 | Load err=9.6396e-07 | Res=8.8367e-08 | Iters=4 | Step time=0.126s | Total time=132.4s
Step 312/329 | Load err=7.0280e-07 | Res=6.4647e-08 | Iters=2 | Step time=0.063s | Total time=132.5s
Step 313/329 | Load err=2.6816e-07 | Res=2.4951e-08 | Iters=3 | Step time=0.095s | Total time=132.6s
Step 314/329 | Load err=7.9162e-07 | Res=7.2675e-08 | Iters=4 | Step time=0.125s | Total time=132.7s
Step 315/329 | Load err=2.0472e-07 | Res=2.1046e-08 | Iters=6 | Step time=0.189s | Total time=132.9s
Step 316/329 | Load err=7.0912e-07 | Res=6.5074e-08 | Iters=2 | Step time=0.063s | Total time=132.9s
Step 317/329 | Load err=4.6965e-08 | Res=6.9247e-09 | Iters=2 | Step time=0.063s | Total time=133.0s
Step 318/329 | Load err=3.7546e-07 | Res=3.4690e-08 | Iters=2 | Step time=0.063s | Total time=133.1s
Step 319/329 | Load err=1.0438e-07 | Res=1.1010e-08 | Iters=2 | Step time=0.063s | Total time=133.1s
Step 320/329 | Load err=5.6822e-07 | Res=5.2265e-08 | Iters=2 | Step time=0.063s | Total time=133.2s
Step 321/329 | Load err=1.8795e-07 | Res=1.8102e-08 | Iters=2 | Step time=0.063s | Total time=133.3s
Step 322/329 | Load err=4.5836e-07 | Res=4.2241e-08 | Iters=2 | Step time=0.063s | Total time=133.3s
Step 323/329 | Load err=6.1316e-09 | Res=5.5878e-09 | Iters=2 | Step time=0.063s | Total time=133.4s
Step 324/329 | Load err=1.0291e-06 | Res=9.4507e-08 | Iters=1 | Step time=0.032s | Total time=133.4s
Step 325/329 | Load err=2.1571e-07 | Res=2.0409e-08 | Iters=1 | Step time=0.032s | Total time=133.4s
Step 326/329 | Load err=9.0589e-07 | Res=8.3114e-08 | Iters=1 | Step time=0.032s | Total time=133.5s
Step 327/329 | Load err=5.0817e-07 | Res=4.6702e-08 | Iters=4 | Step time=0.125s | Total time=133.6s
Step 328/329 | Load err=1.0215e-06 | Res=9.3831e-08 | Iters=2 | Step time=0.063s | Total time=133.7s
Step 329/329 | Load err=4.3094e-07 | Res=4.0148e-08 | Iters=2 | Step time=0.063s | Total time=133.7s

============================================================
FINAL SUMMARY
============================================================
Total Runtime: 133.73 seconds
Average Load Error: 5.2689e-03
Max Load Error: 3.2092e-01
Average Step Time: 0.406 seconds
